2019-06-20 14:29:20 ERROR BankConnectionUtil:26 - Could not connect.
java.sql.SQLException: No suitable driver found for jdbc:oracle:thin:@admin.c3t4snnggml8.us-east-1.rds.amazonaws.com:1521:ORCL
	at java.sql.DriverManager.getConnection(DriverManager.java:689)
	at java.sql.DriverManager.getConnection(DriverManager.java:247)
	at com.revature.service.BankConnectionUtil.getConnection(BankConnectionUtil.java:18)
	at com.revature.service.BankConnectionUtil.main(BankConnectionUtil.java:23)
2019-06-20 14:30:08 ERROR BankConnectionUtil:26 - Could not connect.
java.sql.SQLException: No suitable driver found for jdbc:oracle:thin:@admin.c3t4snnggml8.us-east-1.rds.amazonaws.com:1521:ORCL
	at java.sql.DriverManager.getConnection(DriverManager.java:689)
	at java.sql.DriverManager.getConnection(DriverManager.java:247)
	at com.revature.service.BankConnectionUtil.getConnection(BankConnectionUtil.java:18)
	at com.revature.service.BankConnectionUtil.main(BankConnectionUtil.java:23)
2019-06-20 14:32:59 ERROR BankConnectionUtil:26 - Could not connect.
java.sql.SQLException: No suitable driver found for jdbc:oracle:thin:@admin.c3t4snnggml8.us-east-1.rds.amazonaws.com:1521:ORCL
	at java.sql.DriverManager.getConnection(DriverManager.java:689)
	at java.sql.DriverManager.getConnection(DriverManager.java:247)
	at com.revature.service.BankConnectionUtil.getConnection(BankConnectionUtil.java:18)
	at com.revature.service.BankConnectionUtil.main(BankConnectionUtil.java:23)
2019-06-20 14:33:52 ERROR BankConnectionUtil:26 - Could not connect.
java.sql.SQLException: No suitable driver found for jdbc:oracle:thin:@admin.c3t4snnggml8.us-east-1.rds.amazonaws.com:1521:ORCL
	at java.sql.DriverManager.getConnection(DriverManager.java:689)
	at java.sql.DriverManager.getConnection(DriverManager.java:247)
	at com.revature.service.BankConnectionUtil.getConnection(BankConnectionUtil.java:18)
	at com.revature.service.BankConnectionUtil.main(BankConnectionUtil.java:23)
2019-06-20 14:38:36 INFO  BankConnectionUtil:24 - Connection successful
2019-06-20 21:41:04 INFO  BankConnectionUtil:24 - Connection successful
2019-06-20 21:43:28 TRACE BankUserRepositoryJdbc:40 - Entering find User Name method with parameter: 
2019-06-20 21:43:29 INFO  BankUserRepositoryJdbc:15 - 
2019-06-20 21:47:57 TRACE BankUserRepositoryJdbc:40 - Entering find Username method with parameter: 
2019-06-20 21:47:58 INFO  BankUserRepositoryJdbc:15 - BankUser [id=1, username=ANH, password=TRAN, balance=1000.0]
2019-06-20 21:51:40 TRACE BankUserRepositoryJdbc:40 - Entering find Username method with parameter: 
2019-06-20 21:51:41 INFO  BankUserRepositoryJdbc:14 - BankUser [id=1, username=ANH, password=TRAN, balance=1000.0]
2019-06-20 21:51:41 TRACE BankUserRepositoryJdbc:18 - Entering create method with parameter: BankUser [id=2, username=Anh, password=Tran, balance=2000.0]
2019-06-20 21:58:42 TRACE BankUserRepositoryJdbc:42 - Entering find Username method with parameter: 
2019-06-20 21:58:43 INFO  BankUserRepositoryJdbc:14 - BankUser [id=1, username=ANH, password=TRAN, balance=1000.0]
2019-06-20 21:58:43 TRACE BankUserRepositoryJdbc:20 - Entering create method with parameter: BankUser [id=2, username=Anh, password=Tran, balance=2000.0]
2019-06-20 21:58:44 ERROR BankUserRepositoryJdbc:36 - Could not create User.
java.sql.SQLIntegrityConstraintViolationException: ORA-00001: unique constraint (ADMIN.PK_BANK) violated

	at oracle.jdbc.driver.T4CTTIoer.processError(T4CTTIoer.java:450)
	at oracle.jdbc.driver.T4CTTIoer.processError(T4CTTIoer.java:399)
	at oracle.jdbc.driver.T4C8Oall.processError(T4C8Oall.java:1017)
	at oracle.jdbc.driver.T4CTTIfun.receive(T4CTTIfun.java:655)
	at oracle.jdbc.driver.T4CTTIfun.doRPC(T4CTTIfun.java:249)
	at oracle.jdbc.driver.T4C8Oall.doOALL(T4C8Oall.java:566)
	at oracle.jdbc.driver.T4CPreparedStatement.doOall8(T4CPreparedStatement.java:215)
	at oracle.jdbc.driver.T4CPreparedStatement.doOall8(T4CPreparedStatement.java:58)
	at oracle.jdbc.driver.T4CPreparedStatement.executeForRows(T4CPreparedStatement.java:943)
	at oracle.jdbc.driver.OracleStatement.doExecuteWithTimeout(OracleStatement.java:1075)
	at oracle.jdbc.driver.OraclePreparedStatement.executeInternal(OraclePreparedStatement.java:3820)
	at oracle.jdbc.driver.OraclePreparedStatement.executeUpdate(OraclePreparedStatement.java:3897)
	at oracle.jdbc.driver.OraclePreparedStatementWrapper.executeUpdate(OraclePreparedStatementWrapper.java:1361)
	at com.revature.repository.BankUserRepositoryJdbc.createBankUser(BankUserRepositoryJdbc.java:30)
	at com.revature.controller.Console.main(Console.java:15)
2019-06-20 21:58:44 TRACE BankUserRepositoryJdbc:68 - Entering finding all user 
2019-06-20 21:58:44 ERROR BankUserRepositoryJdbc:90 - Could not get all user.
java.sql.SQLSyntaxErrorException: ORA-00942: table or view does not exist

	at oracle.jdbc.driver.T4CTTIoer.processError(T4CTTIoer.java:450)
	at oracle.jdbc.driver.T4CTTIoer.processError(T4CTTIoer.java:399)
	at oracle.jdbc.driver.T4C8Oall.processError(T4C8Oall.java:1017)
	at oracle.jdbc.driver.T4CTTIfun.receive(T4CTTIfun.java:655)
	at oracle.jdbc.driver.T4CTTIfun.doRPC(T4CTTIfun.java:249)
	at oracle.jdbc.driver.T4C8Oall.doOALL(T4C8Oall.java:566)
	at oracle.jdbc.driver.T4CPreparedStatement.doOall8(T4CPreparedStatement.java:215)
	at oracle.jdbc.driver.T4CPreparedStatement.doOall8(T4CPreparedStatement.java:58)
	at oracle.jdbc.driver.T4CPreparedStatement.executeForDescribe(T4CPreparedStatement.java:776)
	at oracle.jdbc.driver.OracleStatement.executeMaybeDescribe(OracleStatement.java:897)
	at oracle.jdbc.driver.OracleStatement.doExecuteWithTimeout(OracleStatement.java:1034)
	at oracle.jdbc.driver.OraclePreparedStatement.executeInternal(OraclePreparedStatement.java:3820)
	at oracle.jdbc.driver.OraclePreparedStatement.executeQuery(OraclePreparedStatement.java:3867)
	at oracle.jdbc.driver.OraclePreparedStatementWrapper.executeQuery(OraclePreparedStatementWrapper.java:1502)
	at com.revature.repository.BankUserRepositoryJdbc.getAll(BankUserRepositoryJdbc.java:74)
	at com.revature.controller.Console.main(Console.java:16)
2019-06-20 21:59:22 TRACE BankUserRepositoryJdbc:42 - Entering find Username method with parameter: 
2019-06-20 21:59:23 INFO  BankUserRepositoryJdbc:14 - BankUser [id=1, username=ANH, password=TRAN, balance=1000.0]
2019-06-20 21:59:23 TRACE BankUserRepositoryJdbc:20 - Entering create method with parameter: BankUser [id=2, username=Anh, password=Tran, balance=2000.0]
2019-06-20 21:59:23 ERROR BankUserRepositoryJdbc:36 - Could not create User.
java.sql.SQLIntegrityConstraintViolationException: ORA-00001: unique constraint (ADMIN.PK_BANK) violated

	at oracle.jdbc.driver.T4CTTIoer.processError(T4CTTIoer.java:450)
	at oracle.jdbc.driver.T4CTTIoer.processError(T4CTTIoer.java:399)
	at oracle.jdbc.driver.T4C8Oall.processError(T4C8Oall.java:1017)
	at oracle.jdbc.driver.T4CTTIfun.receive(T4CTTIfun.java:655)
	at oracle.jdbc.driver.T4CTTIfun.doRPC(T4CTTIfun.java:249)
	at oracle.jdbc.driver.T4C8Oall.doOALL(T4C8Oall.java:566)
	at oracle.jdbc.driver.T4CPreparedStatement.doOall8(T4CPreparedStatement.java:215)
	at oracle.jdbc.driver.T4CPreparedStatement.doOall8(T4CPreparedStatement.java:58)
	at oracle.jdbc.driver.T4CPreparedStatement.executeForRows(T4CPreparedStatement.java:943)
	at oracle.jdbc.driver.OracleStatement.doExecuteWithTimeout(OracleStatement.java:1075)
	at oracle.jdbc.driver.OraclePreparedStatement.executeInternal(OraclePreparedStatement.java:3820)
	at oracle.jdbc.driver.OraclePreparedStatement.executeUpdate(OraclePreparedStatement.java:3897)
	at oracle.jdbc.driver.OraclePreparedStatementWrapper.executeUpdate(OraclePreparedStatementWrapper.java:1361)
	at com.revature.repository.BankUserRepositoryJdbc.createBankUser(BankUserRepositoryJdbc.java:30)
	at com.revature.controller.Console.main(Console.java:15)
2019-06-20 21:59:23 TRACE BankUserRepositoryJdbc:68 - Entering finding all user 
2019-06-20 21:59:23 ERROR BankUserRepositoryJdbc:90 - Could not get all user.
java.sql.SQLSyntaxErrorException: ORA-00904: "H_ID": invalid identifier

	at oracle.jdbc.driver.T4CTTIoer.processError(T4CTTIoer.java:450)
	at oracle.jdbc.driver.T4CTTIoer.processError(T4CTTIoer.java:399)
	at oracle.jdbc.driver.T4C8Oall.processError(T4C8Oall.java:1017)
	at oracle.jdbc.driver.T4CTTIfun.receive(T4CTTIfun.java:655)
	at oracle.jdbc.driver.T4CTTIfun.doRPC(T4CTTIfun.java:249)
	at oracle.jdbc.driver.T4C8Oall.doOALL(T4C8Oall.java:566)
	at oracle.jdbc.driver.T4CPreparedStatement.doOall8(T4CPreparedStatement.java:215)
	at oracle.jdbc.driver.T4CPreparedStatement.doOall8(T4CPreparedStatement.java:58)
	at oracle.jdbc.driver.T4CPreparedStatement.executeForDescribe(T4CPreparedStatement.java:776)
	at oracle.jdbc.driver.OracleStatement.executeMaybeDescribe(OracleStatement.java:897)
	at oracle.jdbc.driver.OracleStatement.doExecuteWithTimeout(OracleStatement.java:1034)
	at oracle.jdbc.driver.OraclePreparedStatement.executeInternal(OraclePreparedStatement.java:3820)
	at oracle.jdbc.driver.OraclePreparedStatement.executeQuery(OraclePreparedStatement.java:3867)
	at oracle.jdbc.driver.OraclePreparedStatementWrapper.executeQuery(OraclePreparedStatementWrapper.java:1502)
	at com.revature.repository.BankUserRepositoryJdbc.getAll(BankUserRepositoryJdbc.java:74)
	at com.revature.controller.Console.main(Console.java:16)
2019-06-20 21:59:35 TRACE BankUserRepositoryJdbc:42 - Entering find Username method with parameter: 
2019-06-20 21:59:36 INFO  BankUserRepositoryJdbc:14 - BankUser [id=1, username=ANH, password=TRAN, balance=1000.0]
2019-06-20 21:59:36 TRACE BankUserRepositoryJdbc:20 - Entering create method with parameter: BankUser [id=2, username=Anh, password=Tran, balance=2000.0]
2019-06-20 21:59:36 ERROR BankUserRepositoryJdbc:36 - Could not create User.
java.sql.SQLIntegrityConstraintViolationException: ORA-00001: unique constraint (ADMIN.PK_BANK) violated

	at oracle.jdbc.driver.T4CTTIoer.processError(T4CTTIoer.java:450)
	at oracle.jdbc.driver.T4CTTIoer.processError(T4CTTIoer.java:399)
	at oracle.jdbc.driver.T4C8Oall.processError(T4C8Oall.java:1017)
	at oracle.jdbc.driver.T4CTTIfun.receive(T4CTTIfun.java:655)
	at oracle.jdbc.driver.T4CTTIfun.doRPC(T4CTTIfun.java:249)
	at oracle.jdbc.driver.T4C8Oall.doOALL(T4C8Oall.java:566)
	at oracle.jdbc.driver.T4CPreparedStatement.doOall8(T4CPreparedStatement.java:215)
	at oracle.jdbc.driver.T4CPreparedStatement.doOall8(T4CPreparedStatement.java:58)
	at oracle.jdbc.driver.T4CPreparedStatement.executeForRows(T4CPreparedStatement.java:943)
	at oracle.jdbc.driver.OracleStatement.doExecuteWithTimeout(OracleStatement.java:1075)
	at oracle.jdbc.driver.OraclePreparedStatement.executeInternal(OraclePreparedStatement.java:3820)
	at oracle.jdbc.driver.OraclePreparedStatement.executeUpdate(OraclePreparedStatement.java:3897)
	at oracle.jdbc.driver.OraclePreparedStatementWrapper.executeUpdate(OraclePreparedStatementWrapper.java:1361)
	at com.revature.repository.BankUserRepositoryJdbc.createBankUser(BankUserRepositoryJdbc.java:30)
	at com.revature.controller.Console.main(Console.java:15)
2019-06-20 21:59:36 TRACE BankUserRepositoryJdbc:68 - Entering finding all user 
2019-06-20 21:59:36 INFO  BankUserRepositoryJdbc:17 - BankUser [id=1, username=ANH, password=TRAN, balance=1000.0]
2019-06-20 21:59:36 INFO  BankUserRepositoryJdbc:17 - BankUser [id=2, username=Anh, password=Tran, balance=2000.0]
2019-06-20 21:59:54 TRACE BankUserRepositoryJdbc:42 - Entering find Username method with parameter: 
2019-06-20 21:59:56 INFO  BankUserRepositoryJdbc:14 - BankUser [id=1, username=ANH, password=TRAN, balance=1000.0]
2019-06-20 21:59:56 TRACE BankUserRepositoryJdbc:68 - Entering finding all user 
2019-06-20 21:59:56 INFO  BankUserRepositoryJdbc:17 - BankUser [id=1, username=ANH, password=TRAN, balance=1000.0]
2019-06-20 21:59:56 INFO  BankUserRepositoryJdbc:17 - BankUser [id=2, username=Anh, password=Tran, balance=2000.0]
2019-06-20 22:05:18 TRACE BankUserRepositoryJdbc:68 - Entering finding all user 
2019-06-20 22:05:19 INFO  BankUserRepositoryJdbc:17 - BankUser [id=1, username=ANH, password=TRAN, balance=1000.0]
2019-06-20 22:05:19 INFO  BankUserRepositoryJdbc:17 - BankUser [id=2, username=Anh, password=Tran, balance=2000.0]
2019-06-20 22:08:23 TRACE BankUserRepositoryJdbc:42 - Entering find Username method with parameter: 
2019-06-20 22:08:24 INFO  BankUserRepositoryJdbc:14 - BankUser [id=1, username=ANH, password=TRAN, balance=1000.0]
2019-06-20 22:08:24 TRACE BankUserRepositoryJdbc:42 - Entering find Username method with parameter: 
2019-06-20 22:39:43 TRACE BankUserRepositoryJdbc:42 - Entering find Username method with parameter: 
2019-06-20 22:39:44 INFO  BankUserRepositoryJdbc:22 - 
2019-06-20 22:39:44 TRACE BankUserRepositoryJdbc:42 - Entering find Username method with parameter: 
2019-06-20 22:43:08 TRACE BankUserRepositoryJdbc:42 - Entering find Username method with parameter: 
2019-06-20 22:43:09 INFO  BankUserRepositoryJdbc:22 - BankUser [id=1, username=ANH, password=TRAN, balance=1000.0]
2019-06-20 22:43:09 TRACE BankUserRepositoryJdbc:42 - Entering find Username method with parameter: 
2019-06-20 22:49:43 TRACE BankUserRepositoryJdbc:42 - Entering find Username method with parameter: 
2019-06-20 22:49:44 INFO  BankUserRepositoryJdbc:22 - 
2019-06-20 22:49:44 TRACE BankUserRepositoryJdbc:42 - Entering find Username method with parameter: 
2019-06-20 22:51:06 TRACE BankUserRepositoryJdbc:42 - Entering find Username method with parameter: 
2019-06-21 09:10:39 TRACE BankUserRepositoryJdbc:42 - Entering find Username method with parameter: 
2019-06-21 09:10:39 ERROR BankUserRepositoryJdbc:62 - Could not find Username.
java.sql.SQLRecoverableException: IO Error: The Network Adapter could not establish the connection
	at oracle.jdbc.driver.T4CConnection.logon(T4CConnection.java:673)
	at oracle.jdbc.driver.PhysicalConnection.<init>(PhysicalConnection.java:715)
	at oracle.jdbc.driver.T4CConnection.<init>(T4CConnection.java:385)
	at oracle.jdbc.driver.T4CDriverExtension.getConnection(T4CDriverExtension.java:30)
	at oracle.jdbc.driver.OracleDriver.connect(OracleDriver.java:564)
	at java.sql.DriverManager.getConnection(DriverManager.java:664)
	at java.sql.DriverManager.getConnection(DriverManager.java:247)
	at com.revature.service.BankConnectionUtil.getConnection(BankConnectionUtil.java:18)
	at com.revature.repository.BankUserRepositoryJdbc.findBankUsername(BankUserRepositoryJdbc.java:43)
	at com.revature.service.Display.loginMenu(Display.java:23)
	at com.revature.controller.Console.main(Console.java:16)
Caused by: oracle.net.ns.NetException: The Network Adapter could not establish the connection
	at oracle.net.nt.ConnStrategy.execute(ConnStrategy.java:445)
	at oracle.net.resolver.AddrResolution.resolveAndExecute(AddrResolution.java:464)
	at oracle.net.ns.NSProtocol.establishConnection(NSProtocol.java:594)
	at oracle.net.ns.NSProtocol.connect(NSProtocol.java:229)
	at oracle.jdbc.driver.T4CConnection.connect(T4CConnection.java:1360)
	at oracle.jdbc.driver.T4CConnection.logon(T4CConnection.java:486)
	... 10 more
Caused by: java.net.UnknownHostException: admin.c3t4snnggml8.us-east-1.rds.amazonaws.com
	at java.net.Inet6AddressImpl.lookupAllHostAddr(Native Method)
	at java.net.InetAddress$2.lookupAllHostAddr(InetAddress.java:929)
	at java.net.InetAddress.getAddressesFromNameService(InetAddress.java:1324)
	at java.net.InetAddress.getAllByName0(InetAddress.java:1277)
	at java.net.InetAddress.getAllByName(InetAddress.java:1193)
	at java.net.InetAddress.getAllByName(InetAddress.java:1127)
	at oracle.net.nt.TcpNTAdapter.connect(TcpNTAdapter.java:117)
	at oracle.net.nt.ConnOption.connect(ConnOption.java:133)
	at oracle.net.nt.ConnStrategy.execute(ConnStrategy.java:411)
	... 15 more
2019-06-21 10:37:59 TRACE BankUserRepositoryJdbc:42 - Entering find Username method with parameter: 
2019-06-21 10:37:59 ERROR BankUserRepositoryJdbc:62 - Could not find Username.
java.sql.SQLRecoverableException: IO Error: The Network Adapter could not establish the connection
	at oracle.jdbc.driver.T4CConnection.logon(T4CConnection.java:673)
	at oracle.jdbc.driver.PhysicalConnection.<init>(PhysicalConnection.java:715)
	at oracle.jdbc.driver.T4CConnection.<init>(T4CConnection.java:385)
	at oracle.jdbc.driver.T4CDriverExtension.getConnection(T4CDriverExtension.java:30)
	at oracle.jdbc.driver.OracleDriver.connect(OracleDriver.java:564)
	at java.sql.DriverManager.getConnection(DriverManager.java:664)
	at java.sql.DriverManager.getConnection(DriverManager.java:247)
	at com.revature.service.BankConnectionUtil.getConnection(BankConnectionUtil.java:18)
	at com.revature.repository.BankUserRepositoryJdbc.findBankUsername(BankUserRepositoryJdbc.java:43)
	at com.revature.service.Display.loginMenu(Display.java:26)
	at com.revature.controller.Console.main(Console.java:16)
Caused by: oracle.net.ns.NetException: The Network Adapter could not establish the connection
	at oracle.net.nt.ConnStrategy.execute(ConnStrategy.java:445)
	at oracle.net.resolver.AddrResolution.resolveAndExecute(AddrResolution.java:464)
	at oracle.net.ns.NSProtocol.establishConnection(NSProtocol.java:594)
	at oracle.net.ns.NSProtocol.connect(NSProtocol.java:229)
	at oracle.jdbc.driver.T4CConnection.connect(T4CConnection.java:1360)
	at oracle.jdbc.driver.T4CConnection.logon(T4CConnection.java:486)
	... 10 more
Caused by: java.net.UnknownHostException: admin.c3t4snnggml8.us-east-1.rds.amazonaws.com
	at java.net.Inet6AddressImpl.lookupAllHostAddr(Native Method)
	at java.net.InetAddress$2.lookupAllHostAddr(InetAddress.java:929)
	at java.net.InetAddress.getAddressesFromNameService(InetAddress.java:1324)
	at java.net.InetAddress.getAllByName0(InetAddress.java:1277)
	at java.net.InetAddress.getAllByName(InetAddress.java:1193)
	at java.net.InetAddress.getAllByName(InetAddress.java:1127)
	at oracle.net.nt.TcpNTAdapter.connect(TcpNTAdapter.java:117)
	at oracle.net.nt.ConnOption.connect(ConnOption.java:133)
	at oracle.net.nt.ConnStrategy.execute(ConnStrategy.java:411)
	... 15 more
2019-06-21 10:39:43 TRACE BankUserRepositoryJdbc:42 - Entering find Username method with parameter: 
2019-06-21 10:39:43 ERROR BankUserRepositoryJdbc:62 - Could not find Username.
java.sql.SQLRecoverableException: IO Error: The Network Adapter could not establish the connection
	at oracle.jdbc.driver.T4CConnection.logon(T4CConnection.java:673)
	at oracle.jdbc.driver.PhysicalConnection.<init>(PhysicalConnection.java:715)
	at oracle.jdbc.driver.T4CConnection.<init>(T4CConnection.java:385)
	at oracle.jdbc.driver.T4CDriverExtension.getConnection(T4CDriverExtension.java:30)
	at oracle.jdbc.driver.OracleDriver.connect(OracleDriver.java:564)
	at java.sql.DriverManager.getConnection(DriverManager.java:664)
	at java.sql.DriverManager.getConnection(DriverManager.java:247)
	at com.revature.service.BankConnectionUtil.getConnection(BankConnectionUtil.java:18)
	at com.revature.repository.BankUserRepositoryJdbc.findBankUsername(BankUserRepositoryJdbc.java:43)
	at com.revature.service.Display.loginMenu(Display.java:26)
	at com.revature.controller.Console.main(Console.java:16)
Caused by: oracle.net.ns.NetException: The Network Adapter could not establish the connection
	at oracle.net.nt.ConnStrategy.execute(ConnStrategy.java:445)
	at oracle.net.resolver.AddrResolution.resolveAndExecute(AddrResolution.java:464)
	at oracle.net.ns.NSProtocol.establishConnection(NSProtocol.java:594)
	at oracle.net.ns.NSProtocol.connect(NSProtocol.java:229)
	at oracle.jdbc.driver.T4CConnection.connect(T4CConnection.java:1360)
	at oracle.jdbc.driver.T4CConnection.logon(T4CConnection.java:486)
	... 10 more
Caused by: java.net.UnknownHostException: admin.c3t4snnggml8.us-east-1.rds.amazonaws.com
	at java.net.Inet6AddressImpl.lookupAllHostAddr(Native Method)
	at java.net.InetAddress$2.lookupAllHostAddr(InetAddress.java:929)
	at java.net.InetAddress.getAddressesFromNameService(InetAddress.java:1324)
	at java.net.InetAddress.getAllByName0(InetAddress.java:1277)
	at java.net.InetAddress.getAllByName(InetAddress.java:1193)
	at java.net.InetAddress.getAllByName(InetAddress.java:1127)
	at oracle.net.nt.TcpNTAdapter.connect(TcpNTAdapter.java:117)
	at oracle.net.nt.ConnOption.connect(ConnOption.java:133)
	at oracle.net.nt.ConnStrategy.execute(ConnStrategy.java:411)
	... 15 more
2019-06-21 10:40:51 TRACE BankUserRepositoryJdbc:42 - Entering find Username method with parameter: 
2019-06-21 10:40:51 ERROR BankUserRepositoryJdbc:62 - Could not find Username.
java.sql.SQLRecoverableException: IO Error: The Network Adapter could not establish the connection
	at oracle.jdbc.driver.T4CConnection.logon(T4CConnection.java:673)
	at oracle.jdbc.driver.PhysicalConnection.<init>(PhysicalConnection.java:715)
	at oracle.jdbc.driver.T4CConnection.<init>(T4CConnection.java:385)
	at oracle.jdbc.driver.T4CDriverExtension.getConnection(T4CDriverExtension.java:30)
	at oracle.jdbc.driver.OracleDriver.connect(OracleDriver.java:564)
	at java.sql.DriverManager.getConnection(DriverManager.java:664)
	at java.sql.DriverManager.getConnection(DriverManager.java:247)
	at com.revature.service.BankConnectionUtil.getConnection(BankConnectionUtil.java:18)
	at com.revature.repository.BankUserRepositoryJdbc.findBankUsername(BankUserRepositoryJdbc.java:43)
	at com.revature.service.Display.loginMenu(Display.java:26)
	at com.revature.controller.Console.main(Console.java:16)
Caused by: oracle.net.ns.NetException: The Network Adapter could not establish the connection
	at oracle.net.nt.ConnStrategy.execute(ConnStrategy.java:445)
	at oracle.net.resolver.AddrResolution.resolveAndExecute(AddrResolution.java:464)
	at oracle.net.ns.NSProtocol.establishConnection(NSProtocol.java:594)
	at oracle.net.ns.NSProtocol.connect(NSProtocol.java:229)
	at oracle.jdbc.driver.T4CConnection.connect(T4CConnection.java:1360)
	at oracle.jdbc.driver.T4CConnection.logon(T4CConnection.java:486)
	... 10 more
Caused by: java.net.UnknownHostException: admin.c3t4snnggml8.us-east-1.rds.amazonaws.com
	at java.net.Inet6AddressImpl.lookupAllHostAddr(Native Method)
	at java.net.InetAddress$2.lookupAllHostAddr(InetAddress.java:929)
	at java.net.InetAddress.getAddressesFromNameService(InetAddress.java:1324)
	at java.net.InetAddress.getAllByName0(InetAddress.java:1277)
	at java.net.InetAddress.getAllByName(InetAddress.java:1193)
	at java.net.InetAddress.getAllByName(InetAddress.java:1127)
	at oracle.net.nt.TcpNTAdapter.connect(TcpNTAdapter.java:117)
	at oracle.net.nt.ConnOption.connect(ConnOption.java:133)
	at oracle.net.nt.ConnStrategy.execute(ConnStrategy.java:411)
	... 15 more
2019-06-21 10:42:19 TRACE BankUserRepositoryJdbc:42 - Entering find Username method with parameter: 
2019-06-21 10:42:19 ERROR BankUserRepositoryJdbc:62 - Could not find Username.
java.sql.SQLRecoverableException: IO Error: The Network Adapter could not establish the connection
	at oracle.jdbc.driver.T4CConnection.logon(T4CConnection.java:673)
	at oracle.jdbc.driver.PhysicalConnection.<init>(PhysicalConnection.java:715)
	at oracle.jdbc.driver.T4CConnection.<init>(T4CConnection.java:385)
	at oracle.jdbc.driver.T4CDriverExtension.getConnection(T4CDriverExtension.java:30)
	at oracle.jdbc.driver.OracleDriver.connect(OracleDriver.java:564)
	at java.sql.DriverManager.getConnection(DriverManager.java:664)
	at java.sql.DriverManager.getConnection(DriverManager.java:247)
	at com.revature.service.BankConnectionUtil.getConnection(BankConnectionUtil.java:18)
	at com.revature.repository.BankUserRepositoryJdbc.findBankUsername(BankUserRepositoryJdbc.java:43)
	at com.revature.service.Display.loginMenu(Display.java:26)
	at com.revature.controller.Console.main(Console.java:16)
Caused by: oracle.net.ns.NetException: The Network Adapter could not establish the connection
	at oracle.net.nt.ConnStrategy.execute(ConnStrategy.java:445)
	at oracle.net.resolver.AddrResolution.resolveAndExecute(AddrResolution.java:464)
	at oracle.net.ns.NSProtocol.establishConnection(NSProtocol.java:594)
	at oracle.net.ns.NSProtocol.connect(NSProtocol.java:229)
	at oracle.jdbc.driver.T4CConnection.connect(T4CConnection.java:1360)
	at oracle.jdbc.driver.T4CConnection.logon(T4CConnection.java:486)
	... 10 more
Caused by: java.net.UnknownHostException: admin.c3t4snnggml8.us-east-1.rds.amazonaws.com
	at java.net.Inet6AddressImpl.lookupAllHostAddr(Native Method)
	at java.net.InetAddress$2.lookupAllHostAddr(InetAddress.java:929)
	at java.net.InetAddress.getAddressesFromNameService(InetAddress.java:1324)
	at java.net.InetAddress.getAllByName0(InetAddress.java:1277)
	at java.net.InetAddress.getAllByName(InetAddress.java:1193)
	at java.net.InetAddress.getAllByName(InetAddress.java:1127)
	at oracle.net.nt.TcpNTAdapter.connect(TcpNTAdapter.java:117)
	at oracle.net.nt.ConnOption.connect(ConnOption.java:133)
	at oracle.net.nt.ConnStrategy.execute(ConnStrategy.java:411)
	... 15 more
2019-06-21 10:52:40 TRACE BankUserRepositoryJdbc:42 - Entering find Username method with parameter: 
2019-06-21 10:52:40 ERROR BankUserRepositoryJdbc:62 - Could not find Username.
java.sql.SQLRecoverableException: IO Error: The Network Adapter could not establish the connection
	at oracle.jdbc.driver.T4CConnection.logon(T4CConnection.java:673)
	at oracle.jdbc.driver.PhysicalConnection.<init>(PhysicalConnection.java:715)
	at oracle.jdbc.driver.T4CConnection.<init>(T4CConnection.java:385)
	at oracle.jdbc.driver.T4CDriverExtension.getConnection(T4CDriverExtension.java:30)
	at oracle.jdbc.driver.OracleDriver.connect(OracleDriver.java:564)
	at java.sql.DriverManager.getConnection(DriverManager.java:664)
	at java.sql.DriverManager.getConnection(DriverManager.java:247)
	at com.revature.service.BankConnectionUtil.getConnection(BankConnectionUtil.java:18)
	at com.revature.repository.BankUserRepositoryJdbc.findBankUsername(BankUserRepositoryJdbc.java:43)
	at com.revature.service.Display.loginMenu(Display.java:26)
	at com.revature.controller.Console.main(Console.java:16)
Caused by: oracle.net.ns.NetException: The Network Adapter could not establish the connection
	at oracle.net.nt.ConnStrategy.execute(ConnStrategy.java:445)
	at oracle.net.resolver.AddrResolution.resolveAndExecute(AddrResolution.java:464)
	at oracle.net.ns.NSProtocol.establishConnection(NSProtocol.java:594)
	at oracle.net.ns.NSProtocol.connect(NSProtocol.java:229)
	at oracle.jdbc.driver.T4CConnection.connect(T4CConnection.java:1360)
	at oracle.jdbc.driver.T4CConnection.logon(T4CConnection.java:486)
	... 10 more
Caused by: java.net.UnknownHostException: admin.c3t4snnggml8.us-east-1.rds.amazonaws.com
	at java.net.Inet6AddressImpl.lookupAllHostAddr(Native Method)
	at java.net.InetAddress$2.lookupAllHostAddr(InetAddress.java:929)
	at java.net.InetAddress.getAddressesFromNameService(InetAddress.java:1324)
	at java.net.InetAddress.getAllByName0(InetAddress.java:1277)
	at java.net.InetAddress.getAllByName(InetAddress.java:1193)
	at java.net.InetAddress.getAllByName(InetAddress.java:1127)
	at oracle.net.nt.TcpNTAdapter.connect(TcpNTAdapter.java:117)
	at oracle.net.nt.ConnOption.connect(ConnOption.java:133)
	at oracle.net.nt.ConnStrategy.execute(ConnStrategy.java:411)
	... 15 more
2019-06-21 10:57:12 TRACE BankUserRepositoryJdbc:42 - Entering find Username method with parameter: 
2019-06-21 10:57:13 ERROR BankUserRepositoryJdbc:62 - Could not find Username.
java.sql.SQLRecoverableException: IO Error: The Network Adapter could not establish the connection
	at oracle.jdbc.driver.T4CConnection.logon(T4CConnection.java:673)
	at oracle.jdbc.driver.PhysicalConnection.<init>(PhysicalConnection.java:715)
	at oracle.jdbc.driver.T4CConnection.<init>(T4CConnection.java:385)
	at oracle.jdbc.driver.T4CDriverExtension.getConnection(T4CDriverExtension.java:30)
	at oracle.jdbc.driver.OracleDriver.connect(OracleDriver.java:564)
	at java.sql.DriverManager.getConnection(DriverManager.java:664)
	at java.sql.DriverManager.getConnection(DriverManager.java:247)
	at com.revature.service.BankConnectionUtil.getConnection(BankConnectionUtil.java:18)
	at com.revature.repository.BankUserRepositoryJdbc.findBankUsername(BankUserRepositoryJdbc.java:43)
	at com.revature.service.Display.loginMenu(Display.java:24)
	at com.revature.controller.Console.main(Console.java:20)
Caused by: oracle.net.ns.NetException: The Network Adapter could not establish the connection
	at oracle.net.nt.ConnStrategy.execute(ConnStrategy.java:445)
	at oracle.net.resolver.AddrResolution.resolveAndExecute(AddrResolution.java:464)
	at oracle.net.ns.NSProtocol.establishConnection(NSProtocol.java:594)
	at oracle.net.ns.NSProtocol.connect(NSProtocol.java:229)
	at oracle.jdbc.driver.T4CConnection.connect(T4CConnection.java:1360)
	at oracle.jdbc.driver.T4CConnection.logon(T4CConnection.java:486)
	... 10 more
Caused by: java.net.UnknownHostException: admin.c3t4snnggml8.us-east-1.rds.amazonaws.com
	at java.net.Inet6AddressImpl.lookupAllHostAddr(Native Method)
	at java.net.InetAddress$2.lookupAllHostAddr(InetAddress.java:929)
	at java.net.InetAddress.getAddressesFromNameService(InetAddress.java:1324)
	at java.net.InetAddress.getAllByName0(InetAddress.java:1277)
	at java.net.InetAddress.getAllByName(InetAddress.java:1193)
	at java.net.InetAddress.getAllByName(InetAddress.java:1127)
	at oracle.net.nt.TcpNTAdapter.connect(TcpNTAdapter.java:117)
	at oracle.net.nt.ConnOption.connect(ConnOption.java:133)
	at oracle.net.nt.ConnStrategy.execute(ConnStrategy.java:411)
	... 15 more
2019-06-21 11:00:29 TRACE BankUserRepositoryJdbc:42 - Entering find Username method with parameter: 
2019-06-21 11:00:29 ERROR BankUserRepositoryJdbc:62 - Could not find Username.
java.sql.SQLRecoverableException: IO Error: The Network Adapter could not establish the connection
	at oracle.jdbc.driver.T4CConnection.logon(T4CConnection.java:673)
	at oracle.jdbc.driver.PhysicalConnection.<init>(PhysicalConnection.java:715)
	at oracle.jdbc.driver.T4CConnection.<init>(T4CConnection.java:385)
	at oracle.jdbc.driver.T4CDriverExtension.getConnection(T4CDriverExtension.java:30)
	at oracle.jdbc.driver.OracleDriver.connect(OracleDriver.java:564)
	at java.sql.DriverManager.getConnection(DriverManager.java:664)
	at java.sql.DriverManager.getConnection(DriverManager.java:247)
	at com.revature.service.BankConnectionUtil.getConnection(BankConnectionUtil.java:18)
	at com.revature.repository.BankUserRepositoryJdbc.findBankUsername(BankUserRepositoryJdbc.java:43)
	at com.revature.service.Display.loginMenu(Display.java:25)
	at com.revature.controller.Console.main(Console.java:20)
Caused by: oracle.net.ns.NetException: The Network Adapter could not establish the connection
	at oracle.net.nt.ConnStrategy.execute(ConnStrategy.java:445)
	at oracle.net.resolver.AddrResolution.resolveAndExecute(AddrResolution.java:464)
	at oracle.net.ns.NSProtocol.establishConnection(NSProtocol.java:594)
	at oracle.net.ns.NSProtocol.connect(NSProtocol.java:229)
	at oracle.jdbc.driver.T4CConnection.connect(T4CConnection.java:1360)
	at oracle.jdbc.driver.T4CConnection.logon(T4CConnection.java:486)
	... 10 more
Caused by: java.net.UnknownHostException: admin.c3t4snnggml8.us-east-1.rds.amazonaws.com
	at java.net.Inet6AddressImpl.lookupAllHostAddr(Native Method)
	at java.net.InetAddress$2.lookupAllHostAddr(InetAddress.java:929)
	at java.net.InetAddress.getAddressesFromNameService(InetAddress.java:1324)
	at java.net.InetAddress.getAllByName0(InetAddress.java:1277)
	at java.net.InetAddress.getAllByName(InetAddress.java:1193)
	at java.net.InetAddress.getAllByName(InetAddress.java:1127)
	at oracle.net.nt.TcpNTAdapter.connect(TcpNTAdapter.java:117)
	at oracle.net.nt.ConnOption.connect(ConnOption.java:133)
	at oracle.net.nt.ConnStrategy.execute(ConnStrategy.java:411)
	... 15 more
2019-06-21 11:01:09 TRACE BankUserRepositoryJdbc:42 - Entering find Username method with parameter: 
2019-06-21 11:01:09 ERROR BankUserRepositoryJdbc:62 - Could not find Username.
java.sql.SQLRecoverableException: IO Error: The Network Adapter could not establish the connection
	at oracle.jdbc.driver.T4CConnection.logon(T4CConnection.java:673)
	at oracle.jdbc.driver.PhysicalConnection.<init>(PhysicalConnection.java:715)
	at oracle.jdbc.driver.T4CConnection.<init>(T4CConnection.java:385)
	at oracle.jdbc.driver.T4CDriverExtension.getConnection(T4CDriverExtension.java:30)
	at oracle.jdbc.driver.OracleDriver.connect(OracleDriver.java:564)
	at java.sql.DriverManager.getConnection(DriverManager.java:664)
	at java.sql.DriverManager.getConnection(DriverManager.java:247)
	at com.revature.service.BankConnectionUtil.getConnection(BankConnectionUtil.java:18)
	at com.revature.repository.BankUserRepositoryJdbc.findBankUsername(BankUserRepositoryJdbc.java:43)
	at com.revature.service.Display.loginMenu(Display.java:25)
	at com.revature.controller.Console.main(Console.java:20)
Caused by: oracle.net.ns.NetException: The Network Adapter could not establish the connection
	at oracle.net.nt.ConnStrategy.execute(ConnStrategy.java:445)
	at oracle.net.resolver.AddrResolution.resolveAndExecute(AddrResolution.java:464)
	at oracle.net.ns.NSProtocol.establishConnection(NSProtocol.java:594)
	at oracle.net.ns.NSProtocol.connect(NSProtocol.java:229)
	at oracle.jdbc.driver.T4CConnection.connect(T4CConnection.java:1360)
	at oracle.jdbc.driver.T4CConnection.logon(T4CConnection.java:486)
	... 10 more
Caused by: java.net.UnknownHostException: admin.c3t4snnggml8.us-east-1.rds.amazonaws.com
	at java.net.Inet6AddressImpl.lookupAllHostAddr(Native Method)
	at java.net.InetAddress$2.lookupAllHostAddr(InetAddress.java:929)
	at java.net.InetAddress.getAddressesFromNameService(InetAddress.java:1324)
	at java.net.InetAddress.getAllByName0(InetAddress.java:1277)
	at java.net.InetAddress.getAllByName(InetAddress.java:1193)
	at java.net.InetAddress.getAllByName(InetAddress.java:1127)
	at oracle.net.nt.TcpNTAdapter.connect(TcpNTAdapter.java:117)
	at oracle.net.nt.ConnOption.connect(ConnOption.java:133)
	at oracle.net.nt.ConnStrategy.execute(ConnStrategy.java:411)
	... 15 more
2019-06-21 11:01:22 TRACE BankUserRepositoryJdbc:42 - Entering find Username method with parameter: 
2019-06-21 11:01:22 ERROR BankUserRepositoryJdbc:62 - Could not find Username.
java.sql.SQLRecoverableException: IO Error: The Network Adapter could not establish the connection
	at oracle.jdbc.driver.T4CConnection.logon(T4CConnection.java:673)
	at oracle.jdbc.driver.PhysicalConnection.<init>(PhysicalConnection.java:715)
	at oracle.jdbc.driver.T4CConnection.<init>(T4CConnection.java:385)
	at oracle.jdbc.driver.T4CDriverExtension.getConnection(T4CDriverExtension.java:30)
	at oracle.jdbc.driver.OracleDriver.connect(OracleDriver.java:564)
	at java.sql.DriverManager.getConnection(DriverManager.java:664)
	at java.sql.DriverManager.getConnection(DriverManager.java:247)
	at com.revature.service.BankConnectionUtil.getConnection(BankConnectionUtil.java:18)
	at com.revature.repository.BankUserRepositoryJdbc.findBankUsername(BankUserRepositoryJdbc.java:43)
	at com.revature.service.Display.loginMenu(Display.java:25)
	at com.revature.controller.Console.main(Console.java:20)
Caused by: oracle.net.ns.NetException: The Network Adapter could not establish the connection
	at oracle.net.nt.ConnStrategy.execute(ConnStrategy.java:445)
	at oracle.net.resolver.AddrResolution.resolveAndExecute(AddrResolution.java:464)
	at oracle.net.ns.NSProtocol.establishConnection(NSProtocol.java:594)
	at oracle.net.ns.NSProtocol.connect(NSProtocol.java:229)
	at oracle.jdbc.driver.T4CConnection.connect(T4CConnection.java:1360)
	at oracle.jdbc.driver.T4CConnection.logon(T4CConnection.java:486)
	... 10 more
Caused by: java.net.UnknownHostException: admin.c3t4snnggml8.us-east-1.rds.amazonaws.com
	at java.net.Inet6AddressImpl.lookupAllHostAddr(Native Method)
	at java.net.InetAddress$2.lookupAllHostAddr(InetAddress.java:929)
	at java.net.InetAddress.getAddressesFromNameService(InetAddress.java:1324)
	at java.net.InetAddress.getAllByName0(InetAddress.java:1277)
	at java.net.InetAddress.getAllByName(InetAddress.java:1193)
	at java.net.InetAddress.getAllByName(InetAddress.java:1127)
	at oracle.net.nt.TcpNTAdapter.connect(TcpNTAdapter.java:117)
	at oracle.net.nt.ConnOption.connect(ConnOption.java:133)
	at oracle.net.nt.ConnStrategy.execute(ConnStrategy.java:411)
	... 15 more
2019-06-21 11:05:39 TRACE BankUserRepositoryJdbc:42 - Entering find Username method with parameter: 
2019-06-21 11:05:39 ERROR BankUserRepositoryJdbc:62 - Could not find Username.
java.sql.SQLRecoverableException: IO Error: The Network Adapter could not establish the connection
	at oracle.jdbc.driver.T4CConnection.logon(T4CConnection.java:673)
	at oracle.jdbc.driver.PhysicalConnection.<init>(PhysicalConnection.java:715)
	at oracle.jdbc.driver.T4CConnection.<init>(T4CConnection.java:385)
	at oracle.jdbc.driver.T4CDriverExtension.getConnection(T4CDriverExtension.java:30)
	at oracle.jdbc.driver.OracleDriver.connect(OracleDriver.java:564)
	at java.sql.DriverManager.getConnection(DriverManager.java:664)
	at java.sql.DriverManager.getConnection(DriverManager.java:247)
	at com.revature.service.BankConnectionUtil.getConnection(BankConnectionUtil.java:18)
	at com.revature.repository.BankUserRepositoryJdbc.findBankUsername(BankUserRepositoryJdbc.java:43)
	at com.revature.service.Display.loginMenu(Display.java:25)
	at com.revature.controller.Console.main(Console.java:20)
Caused by: oracle.net.ns.NetException: The Network Adapter could not establish the connection
	at oracle.net.nt.ConnStrategy.execute(ConnStrategy.java:445)
	at oracle.net.resolver.AddrResolution.resolveAndExecute(AddrResolution.java:464)
	at oracle.net.ns.NSProtocol.establishConnection(NSProtocol.java:594)
	at oracle.net.ns.NSProtocol.connect(NSProtocol.java:229)
	at oracle.jdbc.driver.T4CConnection.connect(T4CConnection.java:1360)
	at oracle.jdbc.driver.T4CConnection.logon(T4CConnection.java:486)
	... 10 more
Caused by: java.net.UnknownHostException: admin.c3t4snnggml8.us-east-1.rds.amazonaws.com
	at java.net.Inet6AddressImpl.lookupAllHostAddr(Native Method)
	at java.net.InetAddress$2.lookupAllHostAddr(InetAddress.java:929)
	at java.net.InetAddress.getAddressesFromNameService(InetAddress.java:1324)
	at java.net.InetAddress.getAllByName0(InetAddress.java:1277)
	at java.net.InetAddress.getAllByName(InetAddress.java:1193)
	at java.net.InetAddress.getAllByName(InetAddress.java:1127)
	at oracle.net.nt.TcpNTAdapter.connect(TcpNTAdapter.java:117)
	at oracle.net.nt.ConnOption.connect(ConnOption.java:133)
	at oracle.net.nt.ConnStrategy.execute(ConnStrategy.java:411)
	... 15 more
2019-06-21 11:17:26 TRACE BankUserRepositoryJdbc:42 - Entering find Username method with parameter: 
2019-06-21 11:17:26 ERROR BankUserRepositoryJdbc:62 - Could not find Username.
java.sql.SQLRecoverableException: IO Error: The Network Adapter could not establish the connection
	at oracle.jdbc.driver.T4CConnection.logon(T4CConnection.java:673)
	at oracle.jdbc.driver.PhysicalConnection.<init>(PhysicalConnection.java:715)
	at oracle.jdbc.driver.T4CConnection.<init>(T4CConnection.java:385)
	at oracle.jdbc.driver.T4CDriverExtension.getConnection(T4CDriverExtension.java:30)
	at oracle.jdbc.driver.OracleDriver.connect(OracleDriver.java:564)
	at java.sql.DriverManager.getConnection(DriverManager.java:664)
	at java.sql.DriverManager.getConnection(DriverManager.java:247)
	at com.revature.service.BankConnectionUtil.getConnection(BankConnectionUtil.java:18)
	at com.revature.repository.BankUserRepositoryJdbc.findBankUsername(BankUserRepositoryJdbc.java:43)
	at com.revature.service.Display.loginMenu(Display.java:25)
	at com.revature.controller.Console.main(Console.java:21)
Caused by: oracle.net.ns.NetException: The Network Adapter could not establish the connection
	at oracle.net.nt.ConnStrategy.execute(ConnStrategy.java:445)
	at oracle.net.resolver.AddrResolution.resolveAndExecute(AddrResolution.java:464)
	at oracle.net.ns.NSProtocol.establishConnection(NSProtocol.java:594)
	at oracle.net.ns.NSProtocol.connect(NSProtocol.java:229)
	at oracle.jdbc.driver.T4CConnection.connect(T4CConnection.java:1360)
	at oracle.jdbc.driver.T4CConnection.logon(T4CConnection.java:486)
	... 10 more
Caused by: java.net.UnknownHostException: admin.c3t4snnggml8.us-east-1.rds.amazonaws.com
	at java.net.Inet6AddressImpl.lookupAllHostAddr(Native Method)
	at java.net.InetAddress$2.lookupAllHostAddr(InetAddress.java:929)
	at java.net.InetAddress.getAddressesFromNameService(InetAddress.java:1324)
	at java.net.InetAddress.getAllByName0(InetAddress.java:1277)
	at java.net.InetAddress.getAllByName(InetAddress.java:1193)
	at java.net.InetAddress.getAllByName(InetAddress.java:1127)
	at oracle.net.nt.TcpNTAdapter.connect(TcpNTAdapter.java:117)
	at oracle.net.nt.ConnOption.connect(ConnOption.java:133)
	at oracle.net.nt.ConnStrategy.execute(ConnStrategy.java:411)
	... 15 more
2019-06-21 11:30:36 TRACE BankUserRepositoryJdbc:42 - Entering find Username method with parameter: 
2019-06-21 11:30:36 ERROR BankUserRepositoryJdbc:62 - Could not find Username.
java.sql.SQLRecoverableException: IO Error: The Network Adapter could not establish the connection
	at oracle.jdbc.driver.T4CConnection.logon(T4CConnection.java:673)
	at oracle.jdbc.driver.PhysicalConnection.<init>(PhysicalConnection.java:715)
	at oracle.jdbc.driver.T4CConnection.<init>(T4CConnection.java:385)
	at oracle.jdbc.driver.T4CDriverExtension.getConnection(T4CDriverExtension.java:30)
	at oracle.jdbc.driver.OracleDriver.connect(OracleDriver.java:564)
	at java.sql.DriverManager.getConnection(DriverManager.java:664)
	at java.sql.DriverManager.getConnection(DriverManager.java:247)
	at com.revature.service.BankConnectionUtil.getConnection(BankConnectionUtil.java:18)
	at com.revature.repository.BankUserRepositoryJdbc.findBankUsername(BankUserRepositoryJdbc.java:43)
	at com.revature.controller.Console.main(Console.java:23)
Caused by: oracle.net.ns.NetException: The Network Adapter could not establish the connection
	at oracle.net.nt.ConnStrategy.execute(ConnStrategy.java:445)
	at oracle.net.resolver.AddrResolution.resolveAndExecute(AddrResolution.java:464)
	at oracle.net.ns.NSProtocol.establishConnection(NSProtocol.java:594)
	at oracle.net.ns.NSProtocol.connect(NSProtocol.java:229)
	at oracle.jdbc.driver.T4CConnection.connect(T4CConnection.java:1360)
	at oracle.jdbc.driver.T4CConnection.logon(T4CConnection.java:486)
	... 9 more
Caused by: java.net.UnknownHostException: admin.c3t4snnggml8.us-east-1.rds.amazonaws.com
	at java.net.Inet6AddressImpl.lookupAllHostAddr(Native Method)
	at java.net.InetAddress$2.lookupAllHostAddr(InetAddress.java:929)
	at java.net.InetAddress.getAddressesFromNameService(InetAddress.java:1324)
	at java.net.InetAddress.getAllByName0(InetAddress.java:1277)
	at java.net.InetAddress.getAllByName(InetAddress.java:1193)
	at java.net.InetAddress.getAllByName(InetAddress.java:1127)
	at oracle.net.nt.TcpNTAdapter.connect(TcpNTAdapter.java:117)
	at oracle.net.nt.ConnOption.connect(ConnOption.java:133)
	at oracle.net.nt.ConnStrategy.execute(ConnStrategy.java:411)
	... 14 more
2019-06-21 11:31:34 TRACE BankUserRepositoryJdbc:42 - Entering find Username method with parameter: 
2019-06-21 11:32:58 TRACE BankUserRepositoryJdbc:42 - Entering find Username method with parameter: 
2019-06-21 11:35:20 TRACE BankUserRepositoryJdbc:42 - Entering find Username method with parameter: 
2019-06-21 11:36:12 TRACE BankUserRepositoryJdbc:42 - Entering find Username method with parameter: 
2019-06-21 11:36:50 TRACE BankUserRepositoryJdbc:42 - Entering find Username method with parameter: 
2019-06-21 11:39:10 TRACE BankUserRepositoryJdbc:42 - Entering find Username method with parameter: 
2019-06-21 11:39:14 TRACE BankUserRepositoryJdbc:42 - Entering find Username method with parameter: 
2019-06-21 11:39:18 TRACE BankUserRepositoryJdbc:42 - Entering find Username method with parameter: 
2019-06-21 11:39:28 TRACE BankUserRepositoryJdbc:42 - Entering find Username method with parameter: 
2019-06-21 11:39:48 TRACE BankUserRepositoryJdbc:42 - Entering find Username method with parameter: 
2019-06-21 11:39:59 TRACE BankUserRepositoryJdbc:42 - Entering find Username method with parameter: 
2019-06-21 11:41:18 TRACE BankUserRepositoryJdbc:42 - Entering find Username method with parameter: 
2019-06-21 11:41:29 TRACE BankUserRepositoryJdbc:42 - Entering find Username method with parameter: 
2019-06-21 11:41:44 TRACE BankUserRepositoryJdbc:42 - Entering find Username method with parameter: 
2019-06-21 11:42:27 TRACE BankUserRepositoryJdbc:42 - Entering find Username method with parameter: 
2019-06-21 11:42:37 TRACE BankUserRepositoryJdbc:42 - Entering find Username method with parameter: 
2019-06-21 11:43:48 TRACE BankUserRepositoryJdbc:42 - Entering find Username method with parameter: 
2019-06-21 11:43:52 TRACE BankUserRepositoryJdbc:42 - Entering find Username method with parameter: 
2019-06-21 11:43:56 TRACE BankUserRepositoryJdbc:42 - Entering find Username method with parameter: 
2019-06-21 11:44:00 TRACE BankUserRepositoryJdbc:42 - Entering find Username method with parameter: 
2019-06-21 11:44:57 TRACE BankUserRepositoryJdbc:42 - Entering find Username method with parameter: 
2019-06-21 11:45:00 TRACE BankUserRepositoryJdbc:42 - Entering find Username method with parameter: 
2019-06-21 11:45:55 TRACE BankUserRepositoryJdbc:42 - Entering find Username method with parameter: 
2019-06-21 11:46:12 TRACE BankUserRepositoryJdbc:42 - Entering find Username method with parameter: 
2019-06-21 11:46:17 TRACE BankUserRepositoryJdbc:42 - Entering find Username method with parameter: 
2019-06-21 11:48:04 TRACE BankUserRepositoryJdbc:42 - Entering find Username method with parameter: 
2019-06-21 11:48:21 TRACE BankUserRepositoryJdbc:42 - Entering find Username method with parameter: 
2019-06-21 11:56:21 TRACE BankUserRepositoryJdbc:42 - Entering find Username method with parameter: 
2019-06-21 11:56:28 TRACE BankUserRepositoryJdbc:42 - Entering find Username method with parameter: 
2019-06-21 11:56:57 TRACE BankUserRepositoryJdbc:42 - Entering find Username method with parameter: 
2019-06-21 12:23:22 TRACE BankUserRepositoryJdbc:42 - Entering find Username method with parameter: 
2019-06-21 12:23:34 TRACE BankUserRepositoryJdbc:42 - Entering find Username method with parameter: 
2019-06-21 12:23:41 TRACE BankUserRepositoryJdbc:42 - Entering find Username method with parameter: 
2019-06-21 12:23:54 TRACE BankUserRepositoryJdbc:42 - Entering find Username method with parameter: 
2019-06-21 12:24:06 TRACE BankUserRepositoryJdbc:42 - Entering find Username method with parameter: 
2019-06-21 12:57:25 TRACE BankUserRepositoryJdbc:42 - Entering find Username method with parameter: 
2019-06-21 12:57:44 TRACE BankUserRepositoryJdbc:42 - Entering find Username method with parameter: 
2019-06-21 12:58:08 TRACE BankUserRepositoryJdbc:42 - Entering find Username method with parameter: 
2019-06-21 13:01:25 TRACE BankUserRepositoryJdbc:42 - Entering find Username method with parameter: 
2019-06-21 13:02:34 TRACE BankUserRepositoryJdbc:42 - Entering find Username method with parameter: 
2019-06-21 13:03:30 TRACE BankUserRepositoryJdbc:42 - Entering find Username method with parameter: 
2019-06-21 13:04:26 TRACE BankUserRepositoryJdbc:42 - Entering find Username method with parameter: 
2019-06-21 13:15:01 TRACE BankUserRepositoryJdbc:42 - Entering find Username method with parameter: 
2019-06-21 13:21:06 TRACE BankUserRepositoryJdbc:42 - Entering find Username method with parameter: 
2019-06-21 13:22:35 TRACE BankUserRepositoryJdbc:42 - Entering find Username method with parameter: 
2019-06-21 13:23:09 TRACE BankUserRepositoryJdbc:42 - Entering find Username method with parameter: 
2019-06-21 13:24:24 TRACE BankUserRepositoryJdbc:42 - Entering find Username method with parameter: 
2019-06-21 13:24:48 TRACE BankUserRepositoryJdbc:42 - Entering find Username method with parameter: 
2019-06-21 13:25:09 TRACE BankUserRepositoryJdbc:42 - Entering find Username method with parameter: 
2019-06-21 13:27:22 TRACE BankUserRepositoryJdbc:42 - Entering find Username method with parameter: 
2019-06-21 13:28:32 TRACE BankUserRepositoryJdbc:42 - Entering find Username method with parameter: 
2019-06-21 13:30:08 TRACE BankUserRepositoryJdbc:42 - Entering find Username method with parameter: 
2019-06-21 13:48:51 TRACE BankUserRepositoryJdbc:42 - Entering find Username method with parameter: 
2019-06-21 13:50:59 TRACE BankUserRepositoryJdbc:42 - Entering find Username method with parameter: 
2019-06-21 14:32:03 TRACE BankUserRepositoryJdbc:42 - Entering find Username method with parameter: 
2019-06-21 14:32:15 TRACE BankUserRepositoryJdbc:97 - Entering withdraw method with parameter: 10.0
2019-06-21 14:40:39 TRACE BankUserRepositoryJdbc:42 - Entering find Username method with parameter: 
2019-06-21 14:40:50 TRACE BankUserRepositoryJdbc:97 - Entering withdraw method with parameter: BankUser [id=1, username=ANH, password=TRAN, balance=990.0]
2019-06-21 14:40:50 ERROR BankUserRepositoryJdbc:113 - Could not withdraw.
java.sql.SQLException: Invalid column index
	at oracle.jdbc.driver.OraclePreparedStatement.setStringInternal(OraclePreparedStatement.java:5741)
	at oracle.jdbc.driver.OraclePreparedStatement.setString(OraclePreparedStatement.java:5729)
	at oracle.jdbc.driver.OraclePreparedStatementWrapper.setString(OraclePreparedStatementWrapper.java:289)
	at com.revature.repository.BankUserRepositoryJdbc.withdraw(BankUserRepositoryJdbc.java:104)
	at com.revature.controller.Console.main(Console.java:51)
2019-06-21 14:43:05 TRACE BankUserRepositoryJdbc:42 - Entering find Username method with parameter: 
2019-06-21 14:43:14 TRACE BankUserRepositoryJdbc:97 - Entering withdraw method with parameter: BankUser [id=1, username=ANH, password=TRAN, balance=990.0]
2019-06-21 14:49:54 TRACE BankUserRepositoryJdbc:42 - Entering find Username method with parameter: 
2019-06-21 14:50:07 TRACE BankUserRepositoryJdbc:97 - Entering withdraw method with parameter: BankUser [id=1, username=ANH, password=TRAN, balance=990.0]
2019-06-21 14:50:25 TRACE BankUserRepositoryJdbc:42 - Entering find Username method with parameter: 
2019-06-21 14:50:56 TRACE BankUserRepositoryJdbc:97 - Entering withdraw method with parameter: BankUser [id=1, username=ANH, password=TRAN, balance=5.0]
2019-06-21 14:51:22 TRACE BankUserRepositoryJdbc:42 - Entering find Username method with parameter: 
2019-06-21 14:55:10 TRACE BankUserRepositoryJdbc:42 - Entering find Username method with parameter: 
2019-06-21 14:55:22 TRACE BankUserRepositoryJdbc:116 - Entering deposit method with parameter: BankUser [id=1, username=ANH, password=TRAN, balance=105.0]
2019-06-21 14:56:25 TRACE BankUserRepositoryJdbc:42 - Entering find Username method with parameter: 
2019-06-21 14:56:40 TRACE BankUserRepositoryJdbc:97 - Entering withdraw method with parameter: BankUser [id=1, username=ANH, password=TRAN, balance=100.0]
2019-06-21 14:56:56 TRACE BankUserRepositoryJdbc:42 - Entering find Username method with parameter: 
2019-06-21 14:57:48 TRACE BankUserRepositoryJdbc:42 - Entering find Username method with parameter: 
2019-06-21 15:19:24 TRACE BankUserRepositoryJdbc:42 - Entering find Username method with parameter: 
2019-06-21 15:19:34 TRACE BankUserRepositoryJdbc:42 - Entering find Username method with parameter: 
2019-06-21 15:22:26 TRACE BankUserRepositoryJdbc:42 - Entering find Username method with parameter: 
2019-06-21 15:22:38 TRACE BankUserRepositoryJdbc:42 - Entering find Username method with parameter: 
2019-06-21 15:26:39 TRACE BankUserRepositoryJdbc:42 - Entering find Username method with parameter: 
2019-06-21 15:27:01 TRACE BankUserRepositoryJdbc:42 - Entering find Username method with parameter: 
2019-06-21 15:27:14 TRACE BankUserRepositoryJdbc:42 - Entering find Username method with parameter: 
2019-06-21 15:27:37 TRACE BankUserRepositoryJdbc:42 - Entering find Username method with parameter: 
2019-06-21 15:35:10 TRACE BankUserRepositoryJdbc:42 - Entering find Username method with parameter: 
2019-06-21 15:35:18 TRACE BankUserRepositoryJdbc:42 - Entering find Username method with parameter: 
2019-06-21 15:36:33 TRACE BankUserRepositoryJdbc:42 - Entering find Username method with parameter: 
2019-06-21 15:36:59 TRACE BankUserRepositoryJdbc:116 - Entering deposit method with parameter: BankUser [id=1, username=ANH, password=TRAN, balance=200.0]
2019-06-21 17:30:43 TRACE BankUserRepositoryJdbc:42 - Entering find Username method with parameter: 
2019-06-21 17:31:23 TRACE BankUserRepositoryJdbc:42 - Entering find Username method with parameter: 
2019-06-21 17:31:58 TRACE BankUserRepositoryJdbc:42 - Entering find Username method with parameter: 
2019-06-21 17:32:34 TRACE BankUserRepositoryJdbc:116 - Entering deposit method with parameter: BankUser [id=1, username=ANH, password=TRAN, balance=1200.0]
2019-06-21 17:32:47 TRACE BankUserRepositoryJdbc:97 - Entering withdraw method with parameter: BankUser [id=1, username=ANH, password=TRAN, balance=1100.0]
2019-06-21 21:47:31 TRACE BankUserRepositoryJdbc:42 - Entering find Username method with parameter: 
2019-06-21 21:47:32 ERROR BankUserRepositoryJdbc:62 - Could not find Username.
java.sql.SQLRecoverableException: IO Error: The Network Adapter could not establish the connection
	at oracle.jdbc.driver.T4CConnection.logon(T4CConnection.java:673)
	at oracle.jdbc.driver.PhysicalConnection.<init>(PhysicalConnection.java:715)
	at oracle.jdbc.driver.T4CConnection.<init>(T4CConnection.java:385)
	at oracle.jdbc.driver.T4CDriverExtension.getConnection(T4CDriverExtension.java:30)
	at oracle.jdbc.driver.OracleDriver.connect(OracleDriver.java:564)
	at java.sql.DriverManager.getConnection(DriverManager.java:664)
	at java.sql.DriverManager.getConnection(DriverManager.java:247)
	at com.revature.service.BankConnectionUtil.getConnection(BankConnectionUtil.java:18)
	at com.revature.repository.BankUserRepositoryJdbc.findBankUsername(BankUserRepositoryJdbc.java:43)
	at com.revature.controller.Console.main(Console.java:27)
Caused by: oracle.net.ns.NetException: The Network Adapter could not establish the connection
	at oracle.net.nt.ConnStrategy.execute(ConnStrategy.java:445)
	at oracle.net.resolver.AddrResolution.resolveAndExecute(AddrResolution.java:464)
	at oracle.net.ns.NSProtocol.establishConnection(NSProtocol.java:594)
	at oracle.net.ns.NSProtocol.connect(NSProtocol.java:229)
	at oracle.jdbc.driver.T4CConnection.connect(T4CConnection.java:1360)
	at oracle.jdbc.driver.T4CConnection.logon(T4CConnection.java:486)
	... 9 more
Caused by: java.net.UnknownHostException: admin.c3t4snnggml8.us-east-1.rds.amazonaws.com
	at java.net.Inet6AddressImpl.lookupAllHostAddr(Native Method)
	at java.net.InetAddress$2.lookupAllHostAddr(InetAddress.java:929)
	at java.net.InetAddress.getAddressesFromNameService(InetAddress.java:1324)
	at java.net.InetAddress.getAllByName0(InetAddress.java:1277)
	at java.net.InetAddress.getAllByName(InetAddress.java:1193)
	at java.net.InetAddress.getAllByName(InetAddress.java:1127)
	at oracle.net.nt.TcpNTAdapter.connect(TcpNTAdapter.java:117)
	at oracle.net.nt.ConnOption.connect(ConnOption.java:133)
	at oracle.net.nt.ConnStrategy.execute(ConnStrategy.java:411)
	... 14 more
2019-06-21 21:47:52 TRACE BankUserRepositoryJdbc:42 - Entering find Username method with parameter: 
2019-06-21 21:47:59 TRACE BankUserRepositoryJdbc:42 - Entering find Username method with parameter: 
2019-06-21 21:54:03 TRACE BankUserRepositoryJdbc:42 - Entering find Username method with parameter: 
2019-06-21 21:54:22 TRACE BankUserRepositoryJdbc:42 - Entering find Username method with parameter: 
2019-06-21 21:54:42 TRACE BankUserRepositoryJdbc:42 - Entering find Username method with parameter: 
2019-06-21 21:55:01 TRACE BankUserRepositoryJdbc:42 - Entering find Username method with parameter: 
2019-06-21 22:02:00 TRACE BankUserRepositoryJdbc:42 - Entering find Username method with parameter: 
2019-06-21 22:03:23 TRACE BankUserRepositoryJdbc:42 - Entering find Username method with parameter: 
2019-06-21 22:05:07 TRACE BankUserRepositoryJdbc:42 - Entering find Username method with parameter: 
2019-06-21 22:05:15 TRACE BankUserRepositoryJdbc:42 - Entering find Username method with parameter: 
2019-06-21 22:05:59 TRACE BankUserRepositoryJdbc:42 - Entering find Username method with parameter: 
2019-06-21 22:06:06 TRACE BankUserRepositoryJdbc:42 - Entering find Username method with parameter: 
2019-06-21 22:06:12 TRACE BankUserRepositoryJdbc:42 - Entering find Username method with parameter: 
2019-06-21 22:06:36 TRACE BankUserRepositoryJdbc:42 - Entering find Username method with parameter: 
2019-06-21 22:06:40 TRACE BankUserRepositoryJdbc:42 - Entering find Username method with parameter: 
2019-06-21 22:07:16 TRACE BankUserRepositoryJdbc:42 - Entering find Username method with parameter: 
2019-06-21 22:07:24 TRACE BankUserRepositoryJdbc:42 - Entering find Username method with parameter: 
2019-06-21 22:07:35 TRACE BankUserRepositoryJdbc:42 - Entering find Username method with parameter: 
2019-06-21 22:07:54 TRACE BankUserRepositoryJdbc:116 - Entering deposit method with parameter: BankUser [id=1, username=ANH, password=TRAN, balance=11100.0]
2019-06-21 22:08:58 TRACE BankUserRepositoryJdbc:42 - Entering find Username method with parameter: 
2019-06-21 22:09:59 TRACE BankUserRepositoryJdbc:97 - Entering withdraw method with parameter: BankUser [id=1, username=ANH, password=TRAN, balance=1100.0]
2019-06-21 22:10:22 TRACE BankUserRepositoryJdbc:42 - Entering find Username method with parameter: 
2019-06-21 22:10:41 TRACE BankUserRepositoryJdbc:42 - Entering find Username method with parameter: 
2019-06-21 22:10:56 TRACE BankUserRepositoryJdbc:42 - Entering find Username method with parameter: 
2019-06-21 22:14:45 TRACE BankUserRepositoryJdbc:42 - Entering find Username method with parameter: 
2019-06-21 22:14:51 TRACE BankUserRepositoryJdbc:42 - Entering find Username method with parameter: 
2019-06-21 22:15:16 TRACE BankUserRepositoryJdbc:42 - Entering find Username method with parameter: 
2019-06-21 22:32:57 TRACE BankUserRepositoryJdbc:42 - Entering find Username method with parameter: 
2019-06-21 22:32:57 ERROR BankUserRepositoryJdbc:62 - Could not find Username.
java.sql.SQLRecoverableException: IO Error: The Network Adapter could not establish the connection
	at oracle.jdbc.driver.T4CConnection.logon(T4CConnection.java:673)
	at oracle.jdbc.driver.PhysicalConnection.<init>(PhysicalConnection.java:715)
	at oracle.jdbc.driver.T4CConnection.<init>(T4CConnection.java:385)
	at oracle.jdbc.driver.T4CDriverExtension.getConnection(T4CDriverExtension.java:30)
	at oracle.jdbc.driver.OracleDriver.connect(OracleDriver.java:564)
	at java.sql.DriverManager.getConnection(DriverManager.java:664)
	at java.sql.DriverManager.getConnection(DriverManager.java:247)
	at com.revature.service.BankConnectionUtil.getConnection(BankConnectionUtil.java:18)
	at com.revature.repository.BankUserRepositoryJdbc.findBankUsername(BankUserRepositoryJdbc.java:43)
	at com.revature.controller.Console.main(Console.java:31)
Caused by: oracle.net.ns.NetException: The Network Adapter could not establish the connection
	at oracle.net.nt.ConnStrategy.execute(ConnStrategy.java:445)
	at oracle.net.resolver.AddrResolution.resolveAndExecute(AddrResolution.java:464)
	at oracle.net.ns.NSProtocol.establishConnection(NSProtocol.java:594)
	at oracle.net.ns.NSProtocol.connect(NSProtocol.java:229)
	at oracle.jdbc.driver.T4CConnection.connect(T4CConnection.java:1360)
	at oracle.jdbc.driver.T4CConnection.logon(T4CConnection.java:486)
	... 9 more
Caused by: java.net.UnknownHostException: admin.c3t4snnggml8.us-east-1.rds.amazonaws.com
	at java.net.Inet6AddressImpl.lookupAllHostAddr(Native Method)
	at java.net.InetAddress$2.lookupAllHostAddr(InetAddress.java:929)
	at java.net.InetAddress.getAddressesFromNameService(InetAddress.java:1324)
	at java.net.InetAddress.getAllByName0(InetAddress.java:1277)
	at java.net.InetAddress.getAllByName(InetAddress.java:1193)
	at java.net.InetAddress.getAllByName(InetAddress.java:1127)
	at oracle.net.nt.TcpNTAdapter.connect(TcpNTAdapter.java:117)
	at oracle.net.nt.ConnOption.connect(ConnOption.java:133)
	at oracle.net.nt.ConnStrategy.execute(ConnStrategy.java:411)
	... 14 more
2019-06-21 22:33:16 TRACE BankUserRepositoryJdbc:42 - Entering find Username method with parameter: 
2019-06-21 22:35:55 TRACE BankUserRepositoryJdbc:42 - Entering find Username method with parameter: 
2019-06-21 22:36:04 TRACE BankUserRepositoryJdbc:42 - Entering find Username method with parameter: 
2019-06-22 22:52:56 TRACE BankUserRepositoryJdbc:42 - Entering find Username method with parameter: 
2019-06-22 22:52:57 ERROR BankUserRepositoryJdbc:62 - Could not find Username.
java.sql.SQLRecoverableException: IO Error: The Network Adapter could not establish the connection
	at oracle.jdbc.driver.T4CConnection.logon(T4CConnection.java:673)
	at oracle.jdbc.driver.PhysicalConnection.<init>(PhysicalConnection.java:715)
	at oracle.jdbc.driver.T4CConnection.<init>(T4CConnection.java:385)
	at oracle.jdbc.driver.T4CDriverExtension.getConnection(T4CDriverExtension.java:30)
	at oracle.jdbc.driver.OracleDriver.connect(OracleDriver.java:564)
	at java.sql.DriverManager.getConnection(DriverManager.java:664)
	at java.sql.DriverManager.getConnection(DriverManager.java:247)
	at com.revature.service.BankConnectionUtil.getConnection(BankConnectionUtil.java:18)
	at com.revature.repository.BankUserRepositoryJdbc.findBankUsername(BankUserRepositoryJdbc.java:43)
	at com.revature.controller.Console.main(Console.java:32)
Caused by: oracle.net.ns.NetException: The Network Adapter could not establish the connection
	at oracle.net.nt.ConnStrategy.execute(ConnStrategy.java:445)
	at oracle.net.resolver.AddrResolution.resolveAndExecute(AddrResolution.java:464)
	at oracle.net.ns.NSProtocol.establishConnection(NSProtocol.java:594)
	at oracle.net.ns.NSProtocol.connect(NSProtocol.java:229)
	at oracle.jdbc.driver.T4CConnection.connect(T4CConnection.java:1360)
	at oracle.jdbc.driver.T4CConnection.logon(T4CConnection.java:486)
	... 9 more
Caused by: java.net.UnknownHostException: admin.c3t4snnggml8.us-east-1.rds.amazonaws.com
	at java.net.Inet6AddressImpl.lookupAllHostAddr(Native Method)
	at java.net.InetAddress$2.lookupAllHostAddr(InetAddress.java:929)
	at java.net.InetAddress.getAddressesFromNameService(InetAddress.java:1324)
	at java.net.InetAddress.getAllByName0(InetAddress.java:1277)
	at java.net.InetAddress.getAllByName(InetAddress.java:1193)
	at java.net.InetAddress.getAllByName(InetAddress.java:1127)
	at oracle.net.nt.TcpNTAdapter.connect(TcpNTAdapter.java:117)
	at oracle.net.nt.ConnOption.connect(ConnOption.java:133)
	at oracle.net.nt.ConnStrategy.execute(ConnStrategy.java:411)
	... 14 more
2019-06-22 22:53:04 TRACE BankUserRepositoryJdbc:42 - Entering find Username method with parameter: 
2019-06-22 22:53:04 ERROR BankUserRepositoryJdbc:62 - Could not find Username.
java.sql.SQLRecoverableException: IO Error: The Network Adapter could not establish the connection
	at oracle.jdbc.driver.T4CConnection.logon(T4CConnection.java:673)
	at oracle.jdbc.driver.PhysicalConnection.<init>(PhysicalConnection.java:715)
	at oracle.jdbc.driver.T4CConnection.<init>(T4CConnection.java:385)
	at oracle.jdbc.driver.T4CDriverExtension.getConnection(T4CDriverExtension.java:30)
	at oracle.jdbc.driver.OracleDriver.connect(OracleDriver.java:564)
	at java.sql.DriverManager.getConnection(DriverManager.java:664)
	at java.sql.DriverManager.getConnection(DriverManager.java:247)
	at com.revature.service.BankConnectionUtil.getConnection(BankConnectionUtil.java:18)
	at com.revature.repository.BankUserRepositoryJdbc.findBankUsername(BankUserRepositoryJdbc.java:43)
	at com.revature.controller.Console.main(Console.java:32)
Caused by: oracle.net.ns.NetException: The Network Adapter could not establish the connection
	at oracle.net.nt.ConnStrategy.execute(ConnStrategy.java:445)
	at oracle.net.resolver.AddrResolution.resolveAndExecute(AddrResolution.java:464)
	at oracle.net.ns.NSProtocol.establishConnection(NSProtocol.java:594)
	at oracle.net.ns.NSProtocol.connect(NSProtocol.java:229)
	at oracle.jdbc.driver.T4CConnection.connect(T4CConnection.java:1360)
	at oracle.jdbc.driver.T4CConnection.logon(T4CConnection.java:486)
	... 9 more
Caused by: java.net.UnknownHostException: admin.c3t4snnggml8.us-east-1.rds.amazonaws.com
	at java.net.InetAddress.getAllByName0(InetAddress.java:1281)
	at java.net.InetAddress.getAllByName(InetAddress.java:1193)
	at java.net.InetAddress.getAllByName(InetAddress.java:1127)
	at oracle.net.nt.TcpNTAdapter.connect(TcpNTAdapter.java:117)
	at oracle.net.nt.ConnOption.connect(ConnOption.java:133)
	at oracle.net.nt.ConnStrategy.execute(ConnStrategy.java:411)
	... 14 more
2019-06-22 22:53:14 TRACE BankUserRepositoryJdbc:42 - Entering find Username method with parameter: 
2019-06-22 22:53:48 TRACE BankUserRepositoryJdbc:42 - Entering find Username method with parameter: 
2019-06-22 23:29:49 TRACE BankUserRepositoryJdbc:42 - Entering find Username method with parameter: 
2019-06-22 23:30:14 TRACE BankUserRepositoryJdbc:134 - Entering find Id method without parameter: 
2019-06-22 23:30:14 ERROR BankUserRepositoryJdbc:156 - Could not find Username.
java.sql.SQLException: Invalid column name
	at oracle.jdbc.driver.OracleStatement.getColumnIndex(OracleStatement.java:3965)
	at oracle.jdbc.driver.InsensitiveScrollableResultSet.findColumn(InsensitiveScrollableResultSet.java:299)
	at oracle.jdbc.driver.GeneratedResultSet.getString(GeneratedResultSet.java:1460)
	at com.revature.repository.BankUserRepositoryJdbc.findBankId(BankUserRepositoryJdbc.java:149)
	at com.revature.controller.Console.main(Console.java:130)
2019-06-22 23:30:14 TRACE BankUserRepositoryJdbc:20 - Entering createBankUser method with parameter: BankUser [id=1, username=THE, password=ANH, balance=1000.0]
2019-06-22 23:30:16 ERROR BankUserRepositoryJdbc:36 - Could not create User.
java.sql.SQLIntegrityConstraintViolationException: ORA-00001: unique constraint (ADMIN.PK_BANK) violated

	at oracle.jdbc.driver.T4CTTIoer.processError(T4CTTIoer.java:450)
	at oracle.jdbc.driver.T4CTTIoer.processError(T4CTTIoer.java:399)
	at oracle.jdbc.driver.T4C8Oall.processError(T4C8Oall.java:1017)
	at oracle.jdbc.driver.T4CTTIfun.receive(T4CTTIfun.java:655)
	at oracle.jdbc.driver.T4CTTIfun.doRPC(T4CTTIfun.java:249)
	at oracle.jdbc.driver.T4C8Oall.doOALL(T4C8Oall.java:566)
	at oracle.jdbc.driver.T4CPreparedStatement.doOall8(T4CPreparedStatement.java:215)
	at oracle.jdbc.driver.T4CPreparedStatement.doOall8(T4CPreparedStatement.java:58)
	at oracle.jdbc.driver.T4CPreparedStatement.executeForRows(T4CPreparedStatement.java:943)
	at oracle.jdbc.driver.OracleStatement.doExecuteWithTimeout(OracleStatement.java:1075)
	at oracle.jdbc.driver.OraclePreparedStatement.executeInternal(OraclePreparedStatement.java:3820)
	at oracle.jdbc.driver.OraclePreparedStatement.executeUpdate(OraclePreparedStatement.java:3897)
	at oracle.jdbc.driver.OraclePreparedStatementWrapper.executeUpdate(OraclePreparedStatementWrapper.java:1361)
	at com.revature.repository.BankUserRepositoryJdbc.createBankUser(BankUserRepositoryJdbc.java:30)
	at com.revature.controller.Console.main(Console.java:132)
2019-06-22 23:33:31 TRACE BankUserRepositoryJdbc:42 - Entering find Username method with parameter: 
2019-06-22 23:33:42 TRACE BankUserRepositoryJdbc:134 - Entering find Id method without parameter: 
2019-06-22 23:33:42 ERROR BankUserRepositoryJdbc:156 - Could not find Id.
java.sql.SQLException: Invalid column name
	at oracle.jdbc.driver.OracleStatement.getColumnIndex(OracleStatement.java:3965)
	at oracle.jdbc.driver.InsensitiveScrollableResultSet.findColumn(InsensitiveScrollableResultSet.java:299)
	at oracle.jdbc.driver.GeneratedResultSet.getLong(GeneratedResultSet.java:1361)
	at com.revature.repository.BankUserRepositoryJdbc.findBankId(BankUserRepositoryJdbc.java:148)
	at com.revature.controller.Console.main(Console.java:130)
2019-06-22 23:36:09 TRACE BankUserRepositoryJdbc:42 - Entering find Username method with parameter: 
2019-06-22 23:36:18 TRACE BankUserRepositoryJdbc:134 - Entering find Id method without parameter: 
2019-06-22 23:36:18 ERROR BankUserRepositoryJdbc:156 - Could not find Id.
java.sql.SQLException: Invalid column name
	at oracle.jdbc.driver.OracleStatement.getColumnIndex(OracleStatement.java:3965)
	at oracle.jdbc.driver.InsensitiveScrollableResultSet.findColumn(InsensitiveScrollableResultSet.java:299)
	at oracle.jdbc.driver.GeneratedResultSet.getLong(GeneratedResultSet.java:1361)
	at com.revature.repository.BankUserRepositoryJdbc.findBankId(BankUserRepositoryJdbc.java:148)
	at com.revature.controller.Console.main(Console.java:130)
2019-06-22 23:42:15 TRACE BankUserRepositoryJdbc:42 - Entering find Username method with parameter: 
2019-06-22 23:42:32 TRACE BankUserRepositoryJdbc:134 - Entering find Id method without parameter: 
2019-06-22 23:42:32 ERROR BankUserRepositoryJdbc:156 - Could not find Id.
java.sql.SQLException: Invalid column name
	at oracle.jdbc.driver.OracleStatement.getColumnIndex(OracleStatement.java:3965)
	at oracle.jdbc.driver.InsensitiveScrollableResultSet.findColumn(InsensitiveScrollableResultSet.java:299)
	at oracle.jdbc.driver.GeneratedResultSet.getLong(GeneratedResultSet.java:1361)
	at com.revature.repository.BankUserRepositoryJdbc.findBankId(BankUserRepositoryJdbc.java:148)
	at com.revature.controller.Console.main(Console.java:130)
2019-06-22 23:47:57 TRACE BankUserRepositoryJdbc:42 - Entering find Username method with parameter: 
2019-06-22 23:48:07 TRACE BankUserRepositoryJdbc:134 - Entering find Id method without parameter: 
2019-06-22 23:48:08 ERROR BankUserRepositoryJdbc:156 - Could not find Id.
java.sql.SQLException: Invalid column name
	at oracle.jdbc.driver.OracleStatement.getColumnIndex(OracleStatement.java:3965)
	at oracle.jdbc.driver.InsensitiveScrollableResultSet.findColumn(InsensitiveScrollableResultSet.java:299)
	at oracle.jdbc.driver.GeneratedResultSet.getLong(GeneratedResultSet.java:1361)
	at com.revature.repository.BankUserRepositoryJdbc.findMaxId(BankUserRepositoryJdbc.java:148)
	at com.revature.controller.Console.main(Console.java:131)
2019-06-22 23:53:16 TRACE BankUserRepositoryJdbc:42 - Entering find Username method with parameter: 
2019-06-22 23:53:25 TRACE BankUserRepositoryJdbc:134 - Entering find Id method without parameter: 
2019-06-22 23:53:25 ERROR BankUserRepositoryJdbc:152 - Could not find Id.
java.sql.SQLException: Invalid column name
	at oracle.jdbc.driver.OracleStatement.getColumnIndex(OracleStatement.java:3965)
	at oracle.jdbc.driver.InsensitiveScrollableResultSet.findColumn(InsensitiveScrollableResultSet.java:299)
	at oracle.jdbc.driver.GeneratedResultSet.getLong(GeneratedResultSet.java:1361)
	at com.revature.repository.BankUserRepositoryJdbc.findMaxId(BankUserRepositoryJdbc.java:144)
	at com.revature.controller.Console.main(Console.java:131)
2019-06-22 23:55:10 TRACE BankUserRepositoryJdbc:42 - Entering find Username method with parameter: 
2019-06-22 23:55:20 TRACE BankUserRepositoryJdbc:134 - Entering find Id method without parameter: 
2019-06-22 23:55:20 ERROR BankUserRepositoryJdbc:152 - Could not find Id.
java.sql.SQLSyntaxErrorException: ORA-00937: not a single-group group function

	at oracle.jdbc.driver.T4CTTIoer.processError(T4CTTIoer.java:450)
	at oracle.jdbc.driver.T4CTTIoer.processError(T4CTTIoer.java:399)
	at oracle.jdbc.driver.T4C8Oall.processError(T4C8Oall.java:1017)
	at oracle.jdbc.driver.T4CTTIfun.receive(T4CTTIfun.java:655)
	at oracle.jdbc.driver.T4CTTIfun.doRPC(T4CTTIfun.java:249)
	at oracle.jdbc.driver.T4C8Oall.doOALL(T4C8Oall.java:566)
	at oracle.jdbc.driver.T4CPreparedStatement.doOall8(T4CPreparedStatement.java:215)
	at oracle.jdbc.driver.T4CPreparedStatement.doOall8(T4CPreparedStatement.java:58)
	at oracle.jdbc.driver.T4CPreparedStatement.executeForDescribe(T4CPreparedStatement.java:776)
	at oracle.jdbc.driver.OracleStatement.executeMaybeDescribe(OracleStatement.java:897)
	at oracle.jdbc.driver.OracleStatement.doExecuteWithTimeout(OracleStatement.java:1034)
	at oracle.jdbc.driver.OraclePreparedStatement.executeInternal(OraclePreparedStatement.java:3820)
	at oracle.jdbc.driver.OraclePreparedStatement.executeQuery(OraclePreparedStatement.java:3867)
	at oracle.jdbc.driver.OraclePreparedStatementWrapper.executeQuery(OraclePreparedStatementWrapper.java:1502)
	at com.revature.repository.BankUserRepositoryJdbc.findMaxId(BankUserRepositoryJdbc.java:140)
	at com.revature.controller.Console.main(Console.java:131)
2019-06-23 00:03:18 TRACE BankUserRepositoryJdbc:42 - Entering find Username method with parameter: 
2019-06-23 00:03:29 TRACE BankUserRepositoryJdbc:134 - Entering find Id method without parameter: 
2019-06-23 00:03:29 ERROR BankUserRepositoryJdbc:149 - Could not find Id.
java.sql.SQLException: Invalid column name
	at oracle.jdbc.driver.OracleStatement.getColumnIndex(OracleStatement.java:3965)
	at oracle.jdbc.driver.InsensitiveScrollableResultSet.findColumn(InsensitiveScrollableResultSet.java:299)
	at oracle.jdbc.driver.GeneratedResultSet.getLong(GeneratedResultSet.java:1361)
	at com.revature.repository.BankUserRepositoryJdbc.findMaxId(BankUserRepositoryJdbc.java:144)
	at com.revature.controller.Console.main(Console.java:132)
2019-06-23 00:04:24 TRACE BankUserRepositoryJdbc:42 - Entering find Username method with parameter: 
2019-06-23 00:04:39 TRACE BankUserRepositoryJdbc:134 - Entering find Id method without parameter: 
2019-06-23 00:04:40 ERROR BankUserRepositoryJdbc:149 - Could not find Id.
java.sql.SQLException: Invalid column name
	at oracle.jdbc.driver.OracleStatement.getColumnIndex(OracleStatement.java:3965)
	at oracle.jdbc.driver.InsensitiveScrollableResultSet.findColumn(InsensitiveScrollableResultSet.java:299)
	at oracle.jdbc.driver.GeneratedResultSet.getLong(GeneratedResultSet.java:1361)
	at com.revature.repository.BankUserRepositoryJdbc.findMaxId(BankUserRepositoryJdbc.java:144)
	at com.revature.controller.Console.main(Console.java:132)
2019-06-23 00:05:39 TRACE BankUserRepositoryJdbc:42 - Entering find Username method with parameter: 
2019-06-23 00:05:47 TRACE BankUserRepositoryJdbc:134 - Entering find Id method without parameter: 
2019-06-23 00:05:47 ERROR BankUserRepositoryJdbc:149 - Could not find Id.
java.sql.SQLException: Invalid column name
	at oracle.jdbc.driver.OracleStatement.getColumnIndex(OracleStatement.java:3965)
	at oracle.jdbc.driver.InsensitiveScrollableResultSet.findColumn(InsensitiveScrollableResultSet.java:299)
	at oracle.jdbc.driver.GeneratedResultSet.getLong(GeneratedResultSet.java:1361)
	at com.revature.repository.BankUserRepositoryJdbc.findMaxId(BankUserRepositoryJdbc.java:141)
	at com.revature.controller.Console.main(Console.java:132)
2019-06-23 00:17:59 TRACE BankUserRepositoryJdbc:42 - Entering find Username method with parameter: 
2019-06-23 00:18:08 TRACE BankUserRepositoryJdbc:134 - Entering find Id method without parameter: 
2019-06-23 00:18:08 ERROR BankUserRepositoryJdbc:152 - Could not find Id.
java.sql.SQLException: Invalid column name
	at oracle.jdbc.driver.OracleStatement.getColumnIndex(OracleStatement.java:3965)
	at oracle.jdbc.driver.InsensitiveScrollableResultSet.findColumn(InsensitiveScrollableResultSet.java:299)
	at oracle.jdbc.driver.GeneratedResultSet.getLong(GeneratedResultSet.java:1361)
	at com.revature.repository.BankUserRepositoryJdbc.findMaxId(BankUserRepositoryJdbc.java:144)
	at com.revature.controller.Console.main(Console.java:132)
2019-06-23 00:20:11 TRACE BankUserRepositoryJdbc:42 - Entering find Username method with parameter: 
2019-06-23 00:20:18 TRACE BankUserRepositoryJdbc:134 - Entering find Id method without parameter: 
2019-06-23 00:20:18 ERROR BankUserRepositoryJdbc:148 - Could not find Id.
java.sql.SQLException: Closed Resultset: getLong
	at oracle.jdbc.driver.GeneratedScrollableResultSet.getLong(GeneratedScrollableResultSet.java:539)
	at com.revature.repository.BankUserRepositoryJdbc.findMaxId(BankUserRepositoryJdbc.java:144)
	at com.revature.controller.Console.main(Console.java:132)
2019-06-23 00:20:56 TRACE BankUserRepositoryJdbc:42 - Entering find Username method with parameter: 
2019-06-23 00:21:06 TRACE BankUserRepositoryJdbc:134 - Entering find Id method without parameter: 
2019-06-23 00:21:07 ERROR BankUserRepositoryJdbc:148 - Could not find Id.
java.sql.SQLException: Closed Resultset: getLong
	at oracle.jdbc.driver.GeneratedScrollableResultSet.getLong(GeneratedScrollableResultSet.java:539)
	at com.revature.repository.BankUserRepositoryJdbc.findMaxId(BankUserRepositoryJdbc.java:144)
	at com.revature.controller.Console.main(Console.java:132)
2019-06-23 00:22:34 TRACE BankUserRepositoryJdbc:42 - Entering find Username method with parameter: 
2019-06-23 00:22:42 TRACE BankUserRepositoryJdbc:134 - Entering find Id method without parameter: 
2019-06-23 00:22:42 ERROR BankUserRepositoryJdbc:148 - Could not find Id.
java.sql.SQLException: Closed Resultset: getLong
	at oracle.jdbc.driver.GeneratedScrollableResultSet.getLong(GeneratedScrollableResultSet.java:539)
	at oracle.jdbc.driver.GeneratedResultSet.getLong(GeneratedResultSet.java:1361)
	at com.revature.repository.BankUserRepositoryJdbc.findMaxId(BankUserRepositoryJdbc.java:144)
	at com.revature.controller.Console.main(Console.java:132)
2019-06-23 00:26:33 TRACE BankUserRepositoryJdbc:42 - Entering find Username method with parameter: 
2019-06-23 00:26:39 TRACE BankUserRepositoryJdbc:134 - Entering find Id method without parameter: 
2019-06-23 00:26:39 ERROR BankUserRepositoryJdbc:148 - Could not find Id.
java.sql.SQLException: Closed Resultset: next
	at oracle.jdbc.driver.InsensitiveScrollableResultSet.next(InsensitiveScrollableResultSet.java:558)
	at com.revature.repository.BankUserRepositoryJdbc.findMaxId(BankUserRepositoryJdbc.java:144)
	at com.revature.controller.Console.main(Console.java:132)
2019-06-23 00:28:14 TRACE BankUserRepositoryJdbc:42 - Entering find Username method with parameter: 
2019-06-23 00:28:20 TRACE BankUserRepositoryJdbc:134 - Entering find Id method without parameter: 
2019-06-23 00:29:44 TRACE BankUserRepositoryJdbc:42 - Entering find Username method with parameter: 
2019-06-23 00:29:59 TRACE BankUserRepositoryJdbc:134 - Entering find Id method without parameter: 
2019-06-23 00:29:59 ERROR BankUserRepositoryJdbc:149 - Could not find Id.
java.sql.SQLException: Closed Resultset: getLong
	at oracle.jdbc.driver.GeneratedScrollableResultSet.getLong(GeneratedScrollableResultSet.java:539)
	at oracle.jdbc.driver.GeneratedResultSet.getLong(GeneratedResultSet.java:1361)
	at com.revature.repository.BankUserRepositoryJdbc.findMaxId(BankUserRepositoryJdbc.java:144)
	at com.revature.controller.Console.main(Console.java:132)
2019-06-23 00:31:50 TRACE BankUserRepositoryJdbc:42 - Entering find Username method with parameter: 
2019-06-23 00:32:00 TRACE BankUserRepositoryJdbc:134 - Entering find Id method without parameter: 
2019-06-23 00:32:00 ERROR BankUserRepositoryJdbc:149 - Could not find Id.
java.sql.SQLException: Invalid column name
	at oracle.jdbc.driver.OracleStatement.getColumnIndex(OracleStatement.java:3965)
	at oracle.jdbc.driver.InsensitiveScrollableResultSet.findColumn(InsensitiveScrollableResultSet.java:299)
	at oracle.jdbc.driver.GeneratedResultSet.getLong(GeneratedResultSet.java:1361)
	at com.revature.repository.BankUserRepositoryJdbc.findMaxId(BankUserRepositoryJdbc.java:144)
	at com.revature.controller.Console.main(Console.java:132)
2019-06-23 00:38:28 TRACE BankUserRepositoryJdbc:42 - Entering find Username method with parameter: 
2019-06-23 00:38:34 TRACE BankUserRepositoryJdbc:134 - Entering find Id method without parameter: 
2019-06-23 00:38:35 ERROR BankUserRepositoryJdbc:149 - Could not find Id.
java.sql.SQLException: Closed Resultset: getLong
	at oracle.jdbc.driver.GeneratedScrollableResultSet.getLong(GeneratedScrollableResultSet.java:539)
	at com.revature.repository.BankUserRepositoryJdbc.findMaxId(BankUserRepositoryJdbc.java:144)
	at com.revature.controller.Console.main(Console.java:132)
2019-06-23 10:13:55 TRACE BankUserRepositoryJdbc:42 - Entering find Username method with parameter: 
2019-06-23 10:14:02 TRACE BankUserRepositoryJdbc:155 - Entering findMaxId method without parameter: 
2019-06-23 10:14:02 ERROR BankUserRepositoryJdbc:172 - Could not find Id.
java.sql.SQLException: Closed Resultset: next
	at oracle.jdbc.driver.InsensitiveScrollableResultSet.next(InsensitiveScrollableResultSet.java:558)
	at com.revature.repository.BankUserRepositoryJdbc.findMaxId(BankUserRepositoryJdbc.java:166)
	at com.revature.controller.Console.main(Console.java:132)
2019-06-23 10:14:41 TRACE BankUserRepositoryJdbc:42 - Entering find Username method with parameter: 
2019-06-23 10:14:49 TRACE BankUserRepositoryJdbc:155 - Entering findMaxId method without parameter: 
2019-06-23 10:14:50 ERROR BankUserRepositoryJdbc:172 - Could not find Id.
java.sql.SQLException: Closed Resultset: next
	at oracle.jdbc.driver.InsensitiveScrollableResultSet.next(InsensitiveScrollableResultSet.java:558)
	at com.revature.repository.BankUserRepositoryJdbc.findMaxId(BankUserRepositoryJdbc.java:166)
	at com.revature.controller.Console.main(Console.java:132)
2019-06-23 10:28:54 TRACE BankUserRepositoryJdbc:42 - Entering find Username method with parameter: 
2019-06-23 10:29:01 TRACE BankUserRepositoryJdbc:155 - Entering findMaxId method without parameter: 
2019-06-23 10:29:01 ERROR BankUserRepositoryJdbc:171 - Could not find Id.
java.sql.SQLException: Invalid column name
	at oracle.jdbc.driver.OracleStatement.getColumnIndex(OracleStatement.java:3965)
	at oracle.jdbc.driver.InsensitiveScrollableResultSet.findColumn(InsensitiveScrollableResultSet.java:299)
	at oracle.jdbc.driver.GeneratedResultSet.getLong(GeneratedResultSet.java:1361)
	at com.revature.repository.BankUserRepositoryJdbc.findMaxId(BankUserRepositoryJdbc.java:167)
	at com.revature.controller.Console.main(Console.java:130)
2019-06-23 10:35:58 TRACE BankUserRepositoryJdbc:42 - Entering find Username method with parameter: 
2019-06-23 10:36:04 TRACE BankUserRepositoryJdbc:155 - Entering findMaxId method without parameter: 
2019-06-23 10:36:04 ERROR BankUserRepositoryJdbc:174 - Could not find Id.
java.sql.SQLException: Closed Resultset: next
	at oracle.jdbc.driver.InsensitiveScrollableResultSet.next(InsensitiveScrollableResultSet.java:558)
	at com.revature.repository.BankUserRepositoryJdbc.findMaxId(BankUserRepositoryJdbc.java:167)
	at com.revature.controller.Console.main(Console.java:130)
2019-06-23 10:37:07 TRACE BankUserRepositoryJdbc:42 - Entering find Username method with parameter: 
2019-06-23 10:37:13 TRACE BankUserRepositoryJdbc:155 - Entering findMaxId method without parameter: 
2019-06-23 10:37:13 ERROR BankUserRepositoryJdbc:174 - Could not find Id.
java.sql.SQLException: Closed Resultset: next
	at oracle.jdbc.driver.InsensitiveScrollableResultSet.next(InsensitiveScrollableResultSet.java:558)
	at com.revature.repository.BankUserRepositoryJdbc.findMaxId(BankUserRepositoryJdbc.java:167)
	at com.revature.controller.Console.main(Console.java:130)
2019-06-23 10:49:00 TRACE BankUserRepositoryJdbc:42 - Entering find Username method with parameter: 
2019-06-23 10:49:57 TRACE BankUserRepositoryJdbc:42 - Entering find Username method with parameter: 
2019-06-23 10:50:04 TRACE BankUserRepositoryJdbc:155 - Entering findMaxId method without parameter: 
2019-06-23 10:50:04 ERROR BankUserRepositoryJdbc:171 - Could not find Id.
java.sql.SQLException: Invalid column name
	at oracle.jdbc.driver.OracleStatement.getColumnIndex(OracleStatement.java:3965)
	at oracle.jdbc.driver.InsensitiveScrollableResultSet.findColumn(InsensitiveScrollableResultSet.java:299)
	at oracle.jdbc.driver.GeneratedResultSet.getLong(GeneratedResultSet.java:1361)
	at com.revature.repository.BankUserRepositoryJdbc.findMaxId(BankUserRepositoryJdbc.java:167)
	at com.revature.controller.Console.main(Console.java:130)
2019-06-23 11:34:32 TRACE BankUserRepositoryJdbc:42 - Entering find Username method with parameter: 
2019-06-23 11:34:39 TRACE BankUserRepositoryJdbc:155 - Entering findMaxId method without parameter: 
2019-06-23 11:34:39 ERROR BankUserRepositoryJdbc:172 - Could not find Id.
java.sql.SQLException: Closed Resultset: next
	at oracle.jdbc.driver.InsensitiveScrollableResultSet.next(InsensitiveScrollableResultSet.java:558)
	at com.revature.repository.BankUserRepositoryJdbc.findMaxId(BankUserRepositoryJdbc.java:167)
	at com.revature.controller.Console.main(Console.java:130)
2019-06-23 11:36:28 TRACE BankUserRepositoryJdbc:42 - Entering find Username method with parameter: 
2019-06-23 11:36:36 TRACE BankUserRepositoryJdbc:155 - Entering findMaxId method without parameter: 
2019-06-23 11:36:37 ERROR BankUserRepositoryJdbc:172 - Could not find Id.
java.sql.SQLException: Closed Resultset: next
	at oracle.jdbc.driver.InsensitiveScrollableResultSet.next(InsensitiveScrollableResultSet.java:558)
	at com.revature.repository.BankUserRepositoryJdbc.findMaxId(BankUserRepositoryJdbc.java:167)
	at com.revature.controller.Console.main(Console.java:130)
2019-06-23 11:40:34 TRACE BankUserRepositoryJdbc:42 - Entering find Username method with parameter: 
2019-06-23 11:40:40 TRACE BankUserRepositoryJdbc:155 - Entering findMaxId method without parameter: 
2019-06-23 11:40:40 ERROR BankUserRepositoryJdbc:174 - Could not find Id.
java.sql.SQLException: Closed Resultset: next
	at oracle.jdbc.driver.InsensitiveScrollableResultSet.next(InsensitiveScrollableResultSet.java:558)
	at com.revature.repository.BankUserRepositoryJdbc.findMaxId(BankUserRepositoryJdbc.java:167)
	at com.revature.controller.Console.main(Console.java:130)
2019-06-23 11:51:32 TRACE BankUserRepositoryJdbc:42 - Entering find Username method with parameter: 
2019-06-23 11:51:38 TRACE BankUserRepositoryJdbc:155 - Entering findMaxId method without parameter: 
2019-06-23 11:53:27 TRACE BankUserRepositoryJdbc:42 - Entering find Username method with parameter: 
2019-06-23 11:53:34 TRACE BankUserRepositoryJdbc:155 - Entering findMaxId method without parameter: 
2019-06-23 11:53:34 ERROR BankUserRepositoryJdbc:173 - Could not find Id.
java.sql.SQLException: Closed Resultset: getLong
	at oracle.jdbc.driver.GeneratedScrollableResultSet.getLong(GeneratedScrollableResultSet.java:539)
	at oracle.jdbc.driver.GeneratedResultSet.getLong(GeneratedResultSet.java:1361)
	at com.revature.repository.BankUserRepositoryJdbc.findMaxId(BankUserRepositoryJdbc.java:170)
	at com.revature.controller.Console.main(Console.java:130)
2019-06-23 11:54:38 TRACE BankUserRepositoryJdbc:42 - Entering find Username method with parameter: 
2019-06-23 11:54:48 TRACE BankUserRepositoryJdbc:155 - Entering findMaxId method without parameter: 
2019-06-23 11:58:30 TRACE BankUserRepositoryJdbc:43 - Entering find Username method with parameter: 
2019-06-23 11:58:37 TRACE BankUserRepositoryJdbc:156 - Entering findMaxId method without parameter: 
2019-06-23 11:58:38 TRACE BankUserRepositoryJdbc:20 - Entering createBankUser method with parameter: BankUser [id=3, username=the, password=anh, balance=1.0]
2019-06-23 11:58:44 TRACE BankUserRepositoryJdbc:43 - Entering find Username method with parameter: 
2019-06-23 11:59:21 TRACE BankUserRepositoryJdbc:117 - Entering deposit method with parameter: BankUser [id=3, username=the, password=anh, balance=1001.0]
2019-06-23 12:01:18 TRACE BankUserRepositoryJdbc:43 - Entering find Username method with parameter: 
2019-06-23 12:01:55 TRACE BankUserRepositoryJdbc:156 - Entering findMaxId method without parameter: 
2019-06-23 12:01:56 TRACE BankUserRepositoryJdbc:20 - Entering createBankUser method with parameter: BankUser [id=4, username=THE, password=ANH, balance=200.0]
2019-06-23 12:02:12 TRACE BankUserRepositoryJdbc:43 - Entering find Username method with parameter: 
2019-06-23 12:05:01 TRACE BankUserRepositoryJdbc:43 - Entering find Username method with parameter: 
2019-06-23 12:05:11 TRACE BankUserRepositoryJdbc:98 - Entering withdraw method with parameter: BankUser [id=3, username=the, password=anh, balance=901.0]
2019-06-23 12:06:44 TRACE BankUserRepositoryJdbc:43 - Entering find Username method with parameter: 
2019-06-23 12:06:56 TRACE BankUserRepositoryJdbc:98 - Entering withdraw method with parameter: BankUser [id=3, username=the, password=anh, balance=801.0]
2019-06-23 12:08:10 TRACE BankUserRepositoryJdbc:134 - Entering findMaxId method without parameter: 
2019-06-23 12:08:10 TRACE BankUserRepositoryJdbc:20 - Entering createBankUser method with parameter: BankUser [id=5, username=theanh, password=anhthe, balance=10000.0]
2019-06-23 12:08:20 TRACE BankUserRepositoryJdbc:43 - Entering find Username method with parameter: 
2019-06-23 19:05:07 TRACE BankUserRepositoryJdbc:44 - Entering find Username method with parameter: 
2019-06-23 19:06:06 TRACE BankUserRepositoryJdbc:44 - Entering find Username method with parameter: 
2019-06-23 19:06:58 TRACE BankUserRepositoryJdbc:118 - Entering deposit method with parameter: BankUser [id=1, username=ANH, password=TRAN, balance=1200.0]
2019-06-23 19:07:28 TRACE BankUserRepositoryJdbc:99 - Entering withdraw method with parameter: BankUser [id=1, username=ANH, password=TRAN, balance=1100.0]
2019-06-24 10:12:24 TRACE BankUserRepositoryJdbc:44 - Entering find Username method with parameter: 
2019-06-24 10:45:21 TRACE BankUserRepositoryJdbc:44 - Entering find Username method with parameter: 
2019-06-24 10:45:35 TRACE BankUserRepositoryJdbc:44 - Entering find Username method with parameter: 
2019-06-24 10:47:56 TRACE BankUserRepositoryJdbc:99 - Entering withdraw method with parameter: BankUser [id=1, username=ANH, password=TRAN, balance=1095.0]
